Log file open, 05/08/19 16:40:33
LogWindows: Failed to load 'aqProf.dll' (GetLastError=126)
LogWindows: File 'aqProf.dll' does not exist
LogWindows: Failed to load 'VtuneApi.dll' (GetLastError=126)
LogWindows: File 'VtuneApi.dll' does not exist
LogWindows: Failed to load 'VtuneApi32e.dll' (GetLastError=126)
LogWindows: File 'VtuneApi32e.dll' does not exist
LogConsoleResponse: Display: Failed to find resolution value strings in scalability ini. Falling back to default.
LogInit: Display: Running engine for game: Platformer
LogPakFile: Registered encryption key '00000000000000000000000000000000': 0 pak files mounted, 0 remain pending
LogPlatformFile: Not using cached read wrapper
LogTaskGraph: Started task graph with 5 named threads and 23 total threads with 3 sets of task threads.
LogStats: Stats thread started at 0.303768
LogD3D11RHI: Loaded GFSDK_Aftermath_Lib.x64.dll
LogICUInternationalization: ICU TimeZone Detection - Raw Offset: +9:30, Platform Override: ''
LogPluginManager: Mounting plugin Paper2D
LogPluginManager: Mounting plugin AISupport
LogPluginManager: Mounting plugin LightPropagationVolume
LogPluginManager: Mounting plugin ActorLayerUtilities
LogPluginManager: Mounting plugin AnimationSharing
LogPluginManager: Mounting plugin CLionSourceCodeAccess
LogPluginManager: Mounting plugin CodeLiteSourceCodeAccess
LogPluginManager: Mounting plugin GitSourceControl
LogPluginManager: Mounting plugin KDevelopSourceCodeAccess
LogPluginManager: Mounting plugin NullSourceCodeAccess
LogPluginManager: Mounting plugin PerforceSourceControl
LogPluginManager: Mounting plugin SubversionSourceControl
LogPluginManager: Mounting plugin UObjectPlugin
LogPluginManager: Mounting plugin VisualStudioCodeSourceCodeAccess
LogPluginManager: Mounting plugin VisualStudioSourceCodeAccess
LogPluginManager: Mounting plugin XCodeSourceCodeAccess
LogPluginManager: Mounting plugin AssetManagerEditor
LogPluginManager: Mounting plugin CryptoKeys
LogPluginManager: Mounting plugin DataValidation
LogPluginManager: Mounting plugin FacialAnimation
LogPluginManager: Mounting plugin GameplayTagsEditor
LogPluginManager: Mounting plugin MacGraphicsSwitching
LogPluginManager: Mounting plugin MaterialAnalyzer
LogPluginManager: Mounting plugin MobileLauncherProfileWizard
LogPluginManager: Mounting plugin PluginBrowser
LogPluginManager: Mounting plugin SpeedTreeImporter
LogPluginManager: Mounting plugin DatasmithContent
LogPluginManager: Mounting plugin VariantManagerContent
LogPluginManager: Mounting plugin AlembicImporter
LogPluginManager: Mounting plugin AppleImageUtils
LogPluginManager: Mounting plugin AppleVision
LogPluginManager: Mounting plugin BackChannel
LogPluginManager: Mounting plugin CharacterAI
LogPluginManager: Mounting plugin GeometryCache
LogPluginManager: Mounting plugin HTML5Networking
LogPluginManager: Mounting plugin ProxyLODPlugin
LogPluginManager: Mounting plugin SkeletalReduction
LogPluginManager: Mounting plugin MagicLeap
LogPluginManager: Mounting plugin MagicLeapMedia
LogPluginManager: Mounting plugin AndroidMedia
LogPluginManager: Mounting plugin AvfMedia
LogPluginManager: Mounting plugin ImgMedia
LogPluginManager: Mounting plugin LinearTimecode
LogPluginManager: Mounting plugin MediaCompositing
LogPluginManager: Mounting plugin MediaPlayerEditor
LogPluginManager: Mounting plugin WebMMedia
LogPluginManager: Mounting plugin WmfMedia
LogPluginManager: Mounting plugin TcpMessaging
LogPluginManager: Mounting plugin UdpMessaging
LogPluginManager: Mounting plugin ActorSequence
LogPluginManager: Mounting plugin LevelSequenceEditor
LogPluginManager: Mounting plugin MatineeToLevelSequence
LogPluginManager: Mounting plugin NetcodeUnitTest
LogPluginManager: Mounting plugin NUTUnrealEngine4
LogPluginManager: Mounting plugin OnlineSubsystemGooglePlay
LogPluginManager: Mounting plugin OnlineSubsystemIOS
LogPluginManager: Mounting plugin OnlineSubsystem
LogPluginManager: Mounting plugin OnlineSubsystemNull
LogPluginManager: Mounting plugin OnlineSubsystemUtils
LogPluginManager: Mounting plugin LauncherChunkInstaller
LogPluginManager: Mounting plugin AndroidDeviceProfileSelector
LogPluginManager: Mounting plugin AndroidMoviePlayer
LogPluginManager: Mounting plugin AndroidPermission
LogPluginManager: Mounting plugin AppleMoviePlayer
LogPluginManager: Mounting plugin ArchVisCharacter
LogPluginManager: Mounting plugin AudioCapture
LogPluginManager: Mounting plugin CableComponent
LogPluginManager: Mounting plugin CustomMeshComponent
LogPluginManager: Mounting plugin EditableMesh
LogPluginManager: Mounting plugin ExampleDeviceProfileSelector
LogPluginManager: Mounting plugin Firebase
LogPluginManager: Mounting plugin GoogleCloudMessaging
LogPluginManager: Mounting plugin IOSDeviceProfileSelector
LogPluginManager: Mounting plugin LinuxDeviceProfileSelector
LogPluginManager: Mounting plugin LocationServicesBPLibrary
LogPluginManager: Mounting plugin MobilePatchingUtils
LogPluginManager: Mounting plugin OculusVR
LogPluginManager: Mounting plugin PhysXVehicles
LogPluginManager: Mounting plugin ProceduralMeshComponent
LogPluginManager: Mounting plugin RuntimePhysXCooking
LogPluginManager: Mounting plugin SignificanceManager
LogPluginManager: Mounting plugin SteamVR
LogPluginManager: Mounting plugin WebMMoviePlayer
LogPluginManager: Mounting plugin WindowsMoviePlayer
LogInit: Using libcurl 7.55.1-DEV
LogInit:  - built for x86_64-pc-win32
LogInit:  - supports SSL with OpenSSL/1.1.1
LogInit:  - supports HTTP deflate (compression) using libz 1.2.8
LogInit:  - other features:
LogInit:      CURL_VERSION_SSL
LogInit:      CURL_VERSION_LIBZ
LogInit:      CURL_VERSION_IPV6
LogInit:      CURL_VERSION_ASYNCHDNS
LogInit:      CURL_VERSION_LARGEFILE
LogInit:      CURL_VERSION_IDN
LogInit:  CurlRequestOptions (configurable via config and command line):
LogInit:  - bVerifyPeer = true  - Libcurl will verify peer certificate
LogInit:  - bUseHttpProxy = false  - Libcurl will NOT use HTTP proxy
LogInit:  - bDontReuseConnections = false  - Libcurl will reuse connections
LogInit:  - MaxHostConnections = 16  - Libcurl will limit the number of connections to a host
LogInit:  - LocalHostAddr = Default
LogInit:  - BufferSize = 65536
LogInit: WinSock: version 1.1 (2.2), MaxSocks=32767, MaxUdp=65467
LogInit: Build: ++UE4+Release-4.22-CL-6063286
LogInit: Engine Version: 4.22.1-6063286+++UE4+Release-4.22
LogInit: Compatible Engine Version: 4.22.0-5660361+++UE4+Release-4.22
LogInit: Net CL: 5660361
LogInit: OS: Windows 10 (Release 1803) (), CPU: Intel(R) Core(TM) i7-6700 CPU @ 3.40GHz, GPU: NVIDIA GeForce GTX 1070 Ti
LogInit: Compiled (64-bit): Apr 24 2019 04:36:48
LogInit: Compiled with Visual C++: 19.16.27025.01
LogInit: Build Configuration: Development
LogInit: Branch Name: ++UE4+Release-4.22
LogInit: Command Line:  -EpicPortal -epicusername=TurtleSW -epicuserid=6a521b67e9af4a50aa51a5d5dfb7c0d2 -epiclocale=en-US
LogInit: Base Directory: C:/Program Files/Epic Games/UE_4.22/Engine/Binaries/Win64/
LogInit: Installed Engine Build: 1
LogDevObjectVersion: Number of dev versions registered: 23
LogDevObjectVersion:   Dev-Blueprints (B0D832E4-1F89-4F0D-ACCF-7EB736FD4AA2): 10
LogDevObjectVersion:   Dev-Build (E1C64328-A22C-4D53-A36C-8E866417BD8C): 0
LogDevObjectVersion:   Dev-Core (375EC13C-06E4-48FB-B500-84F0262A717E): 3
LogDevObjectVersion:   Dev-Editor (E4B068ED-F494-42E9-A231-DA0B2E46BB41): 30
LogDevObjectVersion:   Dev-Framework (CFFC743F-43B0-4480-9391-14DF171D2073): 35
LogDevObjectVersion:   Dev-Mobile (B02B49B5-BB20-44E9-A304-32B752E40360): 2
LogDevObjectVersion:   Dev-Networking (A4E4105C-59A1-49B5-A7C5-40C4547EDFEE): 0
LogDevObjectVersion:   Dev-Online (39C831C9-5AE6-47DC-9A44-9C173E1C8E7C): 0
LogDevObjectVersion:   Dev-Physics (78F01B33-EBEA-4F98-B9B4-84EACCB95AA2): 0
LogDevObjectVersion:   Dev-Platform (6631380F-2D4D-43E0-8009-CF276956A95A): 0
LogDevObjectVersion:   Dev-Rendering (12F88B9F-8875-4AFC-A67C-D90C383ABD29): 28
LogDevObjectVersion:   Dev-Sequencer (7B5AE74C-D270-4C10-A958-57980B212A5A): 11
LogDevObjectVersion:   Dev-VR (D7296918-1DD6-4BDD-9DE2-64A83CC13884): 2
LogDevObjectVersion:   Dev-LoadTimes (C2A15278-BFE7-4AFE-6C17-90FF531DF755): 1
LogDevObjectVersion:   Private-Geometry (6EACA3D4-40EC-4CC1-B786-8BED09428FC5): 3
LogDevObjectVersion:   Dev-AnimPhys (29E575DD-E0A3-4627-9D10-D276232CDCEA): 17
LogDevObjectVersion:   Dev-Anim (AF43A65D-7FD3-4947-9873-3E8ED9C1BB05): 2
LogDevObjectVersion:   Dev-ReflectionCapture (6B266CEC-1EC7-4B8F-A30B-E4D90942FC07): 1
LogDevObjectVersion:   Dev-Automation (0DF73D61-A23F-47EA-B727-89E90C41499A): 1
LogDevObjectVersion:   FortniteMain (601D1886-AC64-4F84-AA16-D3DE0DEAC7D6): 25
LogDevObjectVersion:   Dev-Enterprise (9DFFBCD6-494F-0158-E221-12823C92A888): 6
LogDevObjectVersion:   Dev-Niagara (F2AED0AC-9AFE-416F-8664-AA7FFA26D6FC): 1
LogDevObjectVersion:   Dev-Destruction (174F1F0B-B4C6-45A5-B13F-2EE8D0FB917D): 2
LogInit: Presizing for max 16777216 objects, including 0 objects not considered by GC, pre-allocating 0 bytes for permanent pool.
LogInit: Object subsystem initialized
LogConfig: Setting CVar [[con.DebugEarlyDefault:1]]
LogConfig: Setting CVar [[r.setres:1280x720]]
[2019.05.08-07.10.34:192][  0]LogConfig: Setting CVar [[r.VSync:0]]
[2019.05.08-07.10.34:192][  0]LogConfig: Setting CVar [[r.RHICmdBypass:0]]
[2019.05.08-07.10.34:192][  0]LogConfig: Applying CVar settings from Section [/Script/Engine.RendererSettings] File [C:/Users/Aden/Documents/GitHub/AdensPlatformer/Platformer/Saved/Config/Windows/Engine.ini]
[2019.05.08-07.10.34:192][  0]LogConfig: Setting CVar [[r.GPUCrashDebugging:0]]
[2019.05.08-07.10.34:192][  0]LogConfig: Setting CVar [[r.DefaultFeature.AutoExposure.ExtendDefaultLuminanceRange:1]]
[2019.05.08-07.10.34:192][  0]LogConfig: Setting CVar [[r.DefaultFeature.AutoExposure:0]]
[2019.05.08-07.10.34:192][  0]LogConfig: Applying CVar settings from Section [/Script/Engine.RendererOverrideSettings] File [C:/Users/Aden/Documents/GitHub/AdensPlatformer/Platformer/Saved/Config/Windows/Engine.ini]
[2019.05.08-07.10.34:192][  0]LogConfig: Applying CVar settings from Section [/Script/Engine.StreamingSettings] File [C:/Users/Aden/Documents/GitHub/AdensPlatformer/Platformer/Saved/Config/Windows/Engine.ini]
[2019.05.08-07.10.34:192][  0]LogConfig: Setting CVar [[s.MinBulkDataSizeForAsyncLoading:131072]]
[2019.05.08-07.10.34:192][  0]LogConfig: Setting CVar [[s.AsyncLoadingThreadEnabled:0]]
[2019.05.08-07.10.34:192][  0]LogConfig: Setting CVar [[s.EventDrivenLoaderEnabled:1]]
[2019.05.08-07.10.34:192][  0]LogConfig: Setting CVar [[s.WarnIfTimeLimitExceeded:0]]
[2019.05.08-07.10.34:192][  0]LogConfig: Setting CVar [[s.TimeLimitExceededMultiplier:1.5]]
[2019.05.08-07.10.34:192][  0]LogConfig: Setting CVar [[s.TimeLimitExceededMinTime:0.005]]
[2019.05.08-07.10.34:192][  0]LogConfig: Setting CVar [[s.UseBackgroundLevelStreaming:1]]
[2019.05.08-07.10.34:192][  0]LogConfig: Setting CVar [[s.PriorityAsyncLoadingExtraTime:15.0]]
[2019.05.08-07.10.34:192][  0]LogConfig: Setting CVar [[s.LevelStreamingActorsUpdateTimeLimit:5.0]]
[2019.05.08-07.10.34:192][  0]LogConfig: Setting CVar [[s.PriorityLevelStreamingActorsUpdateExtraTime:5.0]]
[2019.05.08-07.10.34:192][  0]LogConfig: Setting CVar [[s.LevelStreamingComponentsRegistrationGranularity:10]]
[2019.05.08-07.10.34:192][  0]LogConfig: Setting CVar [[s.UnregisterComponentsTimeLimit:1.0]]
[2019.05.08-07.10.34:192][  0]LogConfig: Setting CVar [[s.LevelStreamingComponentsUnregistrationGranularity:5]]
[2019.05.08-07.10.34:192][  0]LogConfig: Applying CVar settings from Section [/Script/Engine.GarbageCollectionSettings] File [C:/Users/Aden/Documents/GitHub/AdensPlatformer/Platformer/Saved/Config/Windows/Engine.ini]
[2019.05.08-07.10.34:192][  0]LogConfig: Setting CVar [[gc.MaxObjectsNotConsideredByGC:1]]
[2019.05.08-07.10.34:192][  0]LogConfig: Setting CVar [[gc.SizeOfPermanentObjectPool:0]]
[2019.05.08-07.10.34:192][  0]LogConfig: Setting CVar [[gc.FlushStreamingOnGC:0]]
[2019.05.08-07.10.34:192][  0]LogConfig: Setting CVar [[gc.NumRetriesBeforeForcingGC:10]]
[2019.05.08-07.10.34:192][  0]LogConfig: Setting CVar [[gc.AllowParallelGC:1]]
[2019.05.08-07.10.34:192][  0]LogConfig: Setting CVar [[gc.TimeBetweenPurgingPendingKillObjects:61.1]]
[2019.05.08-07.10.34:192][  0]LogConfig: Setting CVar [[gc.MaxObjectsInEditor:16777216]]
[2019.05.08-07.10.34:192][  0]LogConfig: Setting CVar [[gc.IncrementalBeginDestroyEnabled:1]]
[2019.05.08-07.10.34:192][  0]LogConfig: Setting CVar [[gc.CreateGCClusters:1]]
[2019.05.08-07.10.34:192][  0]LogConfig: Setting CVar [[gc.MinGCClusterSize:5]]
[2019.05.08-07.10.34:192][  0]LogConfig: Setting CVar [[gc.ActorClusteringEnabled:0]]
[2019.05.08-07.10.34:192][  0]LogConfig: Setting CVar [[gc.BlueprintClusteringEnabled:0]]
[2019.05.08-07.10.34:192][  0]LogConfig: Setting CVar [[gc.UseDisregardForGCOnDedicatedServers:0]]
[2019.05.08-07.10.34:192][  0]LogConfig: Applying CVar settings from Section [/Script/Engine.NetworkSettings] File [C:/Users/Aden/Documents/GitHub/AdensPlatformer/Platformer/Saved/Config/Windows/Engine.ini]
[2019.05.08-07.10.34:192][  0]LogConfig: Applying CVar settings from Section [/Script/UnrealEd.CookerSettings] File [C:/Users/Aden/Documents/GitHub/AdensPlatformer/Platformer/Saved/Config/Windows/Engine.ini]
[2019.05.08-07.10.34:195][  0]LogConfig: Applying CVar settings from Section [ViewDistanceQuality@3] File [C:/Users/Aden/Documents/GitHub/AdensPlatformer/Platformer/Saved/Config/Windows/Scalability.ini]
[2019.05.08-07.10.34:195][  0]LogConfig: Setting CVar [[r.SkeletalMeshLODBias:0]]
[2019.05.08-07.10.34:195][  0]LogConfig: Setting CVar [[r.ViewDistanceScale:1.0]]
[2019.05.08-07.10.34:195][  0]LogConfig: Applying CVar settings from Section [AntiAliasingQuality@3] File [C:/Users/Aden/Documents/GitHub/AdensPlatformer/Platformer/Saved/Config/Windows/Scalability.ini]
[2019.05.08-07.10.34:195][  0]LogConfig: Setting CVar [[r.PostProcessAAQuality:4]]
[2019.05.08-07.10.34:195][  0]LogConfig: Applying CVar settings from Section [ShadowQuality@3] File [C:/Users/Aden/Documents/GitHub/AdensPlatformer/Platformer/Saved/Config/Windows/Scalability.ini]
[2019.05.08-07.10.34:195][  0]LogConfig: Setting CVar [[r.LightFunctionQuality:1]]
[2019.05.08-07.10.34:195][  0]LogConfig: Setting CVar [[r.ShadowQuality:5]]
[2019.05.08-07.10.34:195][  0]LogConfig: Setting CVar [[r.Shadow.CSM.MaxCascades:10]]
[2019.05.08-07.10.34:195][  0]LogConfig: Setting CVar [[r.Shadow.MaxResolution:2048]]
[2019.05.08-07.10.34:195][  0]LogConfig: Setting CVar [[r.Shadow.MaxCSMResolution:2048]]
[2019.05.08-07.10.34:195][  0]LogConfig: Setting CVar [[r.Shadow.RadiusThreshold:0.01]]
[2019.05.08-07.10.34:195][  0]LogConfig: Setting CVar [[r.Shadow.DistanceScale:1.0]]
[2019.05.08-07.10.34:195][  0]LogConfig: Setting CVar [[r.Shadow.CSM.TransitionScale:1.0]]
[2019.05.08-07.10.34:195][  0]LogConfig: Setting CVar [[r.Shadow.PreShadowResolutionFactor:1.0]]
[2019.05.08-07.10.34:195][  0]LogConfig: Setting CVar [[r.DistanceFieldShadowing:1]]
[2019.05.08-07.10.34:195][  0]LogConfig: Setting CVar [[r.DistanceFieldAO:1]]
[2019.05.08-07.10.34:195][  0]LogConfig: Setting CVar [[r.AOQuality:2]]
[2019.05.08-07.10.34:195][  0]LogConfig: Setting CVar [[r.VolumetricFog:1]]
[2019.05.08-07.10.34:195][  0]LogConfig: Setting CVar [[r.VolumetricFog.GridPixelSize:8]]
[2019.05.08-07.10.34:195][  0]LogConfig: Setting CVar [[r.VolumetricFog.GridSizeZ:128]]
[2019.05.08-07.10.34:195][  0]LogConfig: Setting CVar [[r.VolumetricFog.HistoryMissSupersampleCount:4]]
[2019.05.08-07.10.34:195][  0]LogConfig: Setting CVar [[r.LightMaxDrawDistanceScale:1]]
[2019.05.08-07.10.34:195][  0]LogConfig: Setting CVar [[r.CapsuleShadows:1]]
[2019.05.08-07.10.34:195][  0]LogConfig: Applying CVar settings from Section [PostProcessQuality@3] File [C:/Users/Aden/Documents/GitHub/AdensPlatformer/Platformer/Saved/Config/Windows/Scalability.ini]
[2019.05.08-07.10.34:195][  0]LogConfig: Setting CVar [[r.MotionBlurQuality:4]]
[2019.05.08-07.10.34:195][  0]LogConfig: Setting CVar [[r.AmbientOcclusionMipLevelFactor:0.4]]
[2019.05.08-07.10.34:195][  0]LogConfig: Setting CVar [[r.AmbientOcclusionMaxQuality:100]]
[2019.05.08-07.10.34:195][  0]LogConfig: Setting CVar [[r.AmbientOcclusionLevels:-1]]
[2019.05.08-07.10.34:195][  0]LogConfig: Setting CVar [[r.AmbientOcclusionRadiusScale:1.0]]
[2019.05.08-07.10.34:195][  0]LogConfig: Setting CVar [[r.DepthOfFieldQuality:2]]
[2019.05.08-07.10.34:195][  0]LogConfig: Setting CVar [[r.RenderTargetPoolMin:400]]
[2019.05.08-07.10.34:195][  0]LogConfig: Setting CVar [[r.LensFlareQuality:2]]
[2019.05.08-07.10.34:195][  0]LogConfig: Setting CVar [[r.SceneColorFringeQuality:1]]
[2019.05.08-07.10.34:195][  0]LogConfig: Setting CVar [[r.EyeAdaptationQuality:2]]
[2019.05.08-07.10.34:195][  0]LogConfig: Setting CVar [[r.BloomQuality:5]]
[2019.05.08-07.10.34:195][  0]LogConfig: Setting CVar [[r.FastBlurThreshold:100]]
[2019.05.08-07.10.34:195][  0]LogConfig: Setting CVar [[r.Upscale.Quality:3]]
[2019.05.08-07.10.34:195][  0]LogConfig: Setting CVar [[r.Tonemapper.GrainQuantization:1]]
[2019.05.08-07.10.34:195][  0]LogConfig: Setting CVar [[r.LightShaftQuality:1]]
[2019.05.08-07.10.34:195][  0]LogConfig: Setting CVar [[r.Filter.SizeScale:1]]
[2019.05.08-07.10.34:195][  0]LogConfig: Setting CVar [[r.Tonemapper.Quality:5]]
[2019.05.08-07.10.34:195][  0]LogConfig: Setting CVar [[r.DOF.Gather.AccumulatorQuality:1        ; higher gathering accumulator quality]]
[2019.05.08-07.10.34:195][  0]LogConfig: Setting CVar [[r.DOF.Gather.PostfilterMethod:1          ; Median3x3 postfilering method]]
[2019.05.08-07.10.34:195][  0]LogConfig: Setting CVar [[r.DOF.Gather.EnableBokehSettings:0       ; no bokeh simulation when gathering]]
[2019.05.08-07.10.34:195][  0]LogConfig: Setting CVar [[r.DOF.Gather.RingCount:4                 ; medium number of samples when gathering]]
[2019.05.08-07.10.34:195][  0]LogConfig: Setting CVar [[r.DOF.Scatter.ForegroundCompositing:1    ; additive foreground scattering]]
[2019.05.08-07.10.34:196][  0]LogConfig: Setting CVar [[r.DOF.Scatter.BackgroundCompositing:2    ; additive background scattering]]
[2019.05.08-07.10.34:196][  0]LogConfig: Setting CVar [[r.DOF.Scatter.EnableBokehSettings:1      ; bokeh simulation when scattering]]
[2019.05.08-07.10.34:196][  0]LogConfig: Setting CVar [[r.DOF.Scatter.MaxSpriteRatio:0.1         ; only a maximum of 10% of scattered bokeh]]
[2019.05.08-07.10.34:196][  0]LogConfig: Setting CVar [[r.DOF.Recombine.Quality:1                ; cheap slight out of focus]]
[2019.05.08-07.10.34:196][  0]LogConfig: Setting CVar [[r.DOF.Recombine.EnableBokehSettings:0    ; no bokeh simulation on slight out of focus]]
[2019.05.08-07.10.34:196][  0]LogConfig: Setting CVar [[r.DOF.TemporalAAQuality:1                ; more stable temporal accumulation]]
[2019.05.08-07.10.34:196][  0]LogConfig: Setting CVar [[r.DOF.Kernel.MaxForegroundRadius:0.025]]
[2019.05.08-07.10.34:196][  0]LogConfig: Setting CVar [[r.DOF.Kernel.MaxBackgroundRadius:0.025]]
[2019.05.08-07.10.34:196][  0]LogConfig: Applying CVar settings from Section [TextureQuality@3] File [C:/Users/Aden/Documents/GitHub/AdensPlatformer/Platformer/Saved/Config/Windows/Scalability.ini]
[2019.05.08-07.10.34:196][  0]LogConfig: Setting CVar [[r.Streaming.MipBias:0]]
[2019.05.08-07.10.34:196][  0]LogConfig: Setting CVar [[r.Streaming.AmortizeCPUToGPUCopy:0]]
[2019.05.08-07.10.34:196][  0]LogConfig: Setting CVar [[r.Streaming.MaxNumTexturesToStreamPerFrame:0]]
[2019.05.08-07.10.34:196][  0]LogConfig: Setting CVar [[r.Streaming.Boost:1]]
[2019.05.08-07.10.34:196][  0]LogConfig: Setting CVar [[r.MaxAnisotropy:8]]
[2019.05.08-07.10.34:196][  0]LogConfig: Setting CVar [[r.Streaming.LimitPoolSizeToVRAM:0]]
[2019.05.08-07.10.34:196][  0]LogConfig: Setting CVar [[r.Streaming.PoolSize:1000]]
[2019.05.08-07.10.34:196][  0]LogConfig: Setting CVar [[r.Streaming.MaxEffectiveScreenSize:0]]
[2019.05.08-07.10.34:196][  0]LogConfig: Applying CVar settings from Section [EffectsQuality@3] File [C:/Users/Aden/Documents/GitHub/AdensPlatformer/Platformer/Saved/Config/Windows/Scalability.ini]
[2019.05.08-07.10.34:196][  0]LogConfig: Setting CVar [[r.TranslucencyLightingVolumeDim:64]]
[2019.05.08-07.10.34:196][  0]LogConfig: Setting CVar [[r.RefractionQuality:2]]
[2019.05.08-07.10.34:196][  0]LogConfig: Setting CVar [[r.SSR.Quality:3]]
[2019.05.08-07.10.34:196][  0]LogConfig: Setting CVar [[r.SceneColorFormat:4]]
[2019.05.08-07.10.34:196][  0]LogConfig: Setting CVar [[r.DetailMode:2]]
[2019.05.08-07.10.34:196][  0]LogConfig: Setting CVar [[r.TranslucencyVolumeBlur:1]]
[2019.05.08-07.10.34:196][  0]LogConfig: Setting CVar [[r.MaterialQualityLevel:1 ; High quality]]
[2019.05.08-07.10.34:196][  0]LogConfig: Setting CVar [[r.SSS.Scale:1]]
[2019.05.08-07.10.34:196][  0]LogConfig: Setting CVar [[r.SSS.SampleSet:2]]
[2019.05.08-07.10.34:196][  0]LogConfig: Setting CVar [[r.SSS.Quality:1]]
[2019.05.08-07.10.34:196][  0]LogConfig: Setting CVar [[r.SSS.HalfRes:1]]
[2019.05.08-07.10.34:196][  0]LogConfig: Setting CVar [[r.EmitterSpawnRateScale:1.0]]
[2019.05.08-07.10.34:196][  0]LogConfig: Setting CVar [[r.ParticleLightQuality:2]]
[2019.05.08-07.10.34:196][  0]LogConfig: Applying CVar settings from Section [FoliageQuality@3] File [C:/Users/Aden/Documents/GitHub/AdensPlatformer/Platformer/Saved/Config/Windows/Scalability.ini]
[2019.05.08-07.10.34:196][  0]LogConfig: Setting CVar [[foliage.DensityScale:1.0]]
[2019.05.08-07.10.34:196][  0]LogConfig: Setting CVar [[grass.DensityScale:1.0]]
[2019.05.08-07.10.34:196][  0]LogInit: Selected Device Profile: [Windows]
[2019.05.08-07.10.34:196][  0]LogInit: Applying CVar settings loaded from the selected device profile: [Windows]
[2019.05.08-07.10.34:310][  0]LogHAL: Display: Platform has ~ 16 GB [17107804160 / 17179869184 / 16], which maps to Larger [LargestMinGB=32, LargerMinGB=12, DefaultMinGB=8, SmallerMinGB=6, SmallestMinGB=0)
[2019.05.08-07.10.34:310][  0]LogConfig: Setting CVar [[r.Vulkan.UseRealUBs:0		; Required until we fix HLR fall-out]]
[2019.05.08-07.10.34:310][  0]LogInit: Going up to parent DeviceProfile []
[2019.05.08-07.10.34:310][  0]LogConfig: Applying CVar settings from Section [ViewDistanceQuality@3] File [C:/Users/Aden/Documents/GitHub/AdensPlatformer/Platformer/Saved/Config/Windows/Scalability.ini]
[2019.05.08-07.10.34:310][  0]LogConfig: Setting CVar [[r.SkeletalMeshLODBias:0]]
[2019.05.08-07.10.34:310][  0]LogConfig: Setting CVar [[r.ViewDistanceScale:1.0]]
[2019.05.08-07.10.34:310][  0]LogConfig: Applying CVar settings from Section [AntiAliasingQuality@3] File [C:/Users/Aden/Documents/GitHub/AdensPlatformer/Platformer/Saved/Config/Windows/Scalability.ini]
[2019.05.08-07.10.34:310][  0]LogConfig: Setting CVar [[r.PostProcessAAQuality:4]]
[2019.05.08-07.10.34:310][  0]LogConfig: Applying CVar settings from Section [ShadowQuality@3] File [C:/Users/Aden/Documents/GitHub/AdensPlatformer/Platformer/Saved/Config/Windows/Scalability.ini]
[2019.05.08-07.10.34:310][  0]LogConfig: Setting CVar [[r.LightFunctionQuality:1]]
[2019.05.08-07.10.34:310][  0]LogConfig: Setting CVar [[r.ShadowQuality:5]]
[2019.05.08-07.10.34:310][  0]LogConfig: Setting CVar [[r.Shadow.CSM.MaxCascades:10]]
[2019.05.08-07.10.34:310][  0]LogConfig: Setting CVar [[r.Shadow.MaxResolution:2048]]
[2019.05.08-07.10.34:310][  0]LogConfig: Setting CVar [[r.Shadow.MaxCSMResolution:2048]]
[2019.05.08-07.10.34:310][  0]LogConfig: Setting CVar [[r.Shadow.RadiusThreshold:0.01]]
[2019.05.08-07.10.34:310][  0]LogConfig: Setting CVar [[r.Shadow.DistanceScale:1.0]]
[2019.05.08-07.10.34:310][  0]LogConfig: Setting CVar [[r.Shadow.CSM.TransitionScale:1.0]]
[2019.05.08-07.10.34:310][  0]LogConfig: Setting CVar [[r.Shadow.PreShadowResolutionFactor:1.0]]
[2019.05.08-07.10.34:310][  0]LogConfig: Setting CVar [[r.DistanceFieldShadowing:1]]
[2019.05.08-07.10.34:310][  0]LogConfig: Setting CVar [[r.DistanceFieldAO:1]]
[2019.05.08-07.10.34:310][  0]LogConfig: Setting CVar [[r.AOQuality:2]]
[2019.05.08-07.10.34:310][  0]LogConfig: Setting CVar [[r.VolumetricFog:1]]
[2019.05.08-07.10.34:310][  0]LogConfig: Setting CVar [[r.VolumetricFog.GridPixelSize:8]]
[2019.05.08-07.10.34:310][  0]LogConfig: Setting CVar [[r.VolumetricFog.GridSizeZ:128]]
[2019.05.08-07.10.34:310][  0]LogConfig: Setting CVar [[r.VolumetricFog.HistoryMissSupersampleCount:4]]
[2019.05.08-07.10.34:310][  0]LogConfig: Setting CVar [[r.LightMaxDrawDistanceScale:1]]
[2019.05.08-07.10.34:310][  0]LogConfig: Setting CVar [[r.CapsuleShadows:1]]
[2019.05.08-07.10.34:310][  0]LogConfig: Applying CVar settings from Section [PostProcessQuality@3] File [C:/Users/Aden/Documents/GitHub/AdensPlatformer/Platformer/Saved/Config/Windows/Scalability.ini]
[2019.05.08-07.10.34:310][  0]LogConfig: Setting CVar [[r.MotionBlurQuality:4]]
[2019.05.08-07.10.34:310][  0]LogConfig: Setting CVar [[r.AmbientOcclusionMipLevelFactor:0.4]]
[2019.05.08-07.10.34:310][  0]LogConfig: Setting CVar [[r.AmbientOcclusionMaxQuality:100]]
[2019.05.08-07.10.34:310][  0]LogConfig: Setting CVar [[r.AmbientOcclusionLevels:-1]]
[2019.05.08-07.10.34:310][  0]LogConfig: Setting CVar [[r.AmbientOcclusionRadiusScale:1.0]]
[2019.05.08-07.10.34:310][  0]LogConfig: Setting CVar [[r.DepthOfFieldQuality:2]]
[2019.05.08-07.10.34:310][  0]LogConfig: Setting CVar [[r.RenderTargetPoolMin:400]]
[2019.05.08-07.10.34:310][  0]LogConfig: Setting CVar [[r.LensFlareQuality:2]]
[2019.05.08-07.10.34:310][  0]LogConfig: Setting CVar [[r.SceneColorFringeQuality:1]]
[2019.05.08-07.10.34:310][  0]LogConfig: Setting CVar [[r.EyeAdaptationQuality:2]]
[2019.05.08-07.10.34:310][  0]LogConfig: Setting CVar [[r.BloomQuality:5]]
[2019.05.08-07.10.34:310][  0]LogConfig: Setting CVar [[r.FastBlurThreshold:100]]
[2019.05.08-07.10.34:310][  0]LogConfig: Setting CVar [[r.Upscale.Quality:3]]
[2019.05.08-07.10.34:310][  0]LogConfig: Setting CVar [[r.Tonemapper.GrainQuantization:1]]
[2019.05.08-07.10.34:310][  0]LogConfig: Setting CVar [[r.LightShaftQuality:1]]
[2019.05.08-07.10.34:310][  0]LogConfig: Setting CVar [[r.Filter.SizeScale:1]]
[2019.05.08-07.10.34:310][  0]LogConfig: Setting CVar [[r.Tonemapper.Quality:5]]
[2019.05.08-07.10.34:310][  0]LogConfig: Setting CVar [[r.DOF.Gather.AccumulatorQuality:1        ; higher gathering accumulator quality]]
[2019.05.08-07.10.34:310][  0]LogConfig: Setting CVar [[r.DOF.Gather.PostfilterMethod:1          ; Median3x3 postfilering method]]
[2019.05.08-07.10.34:310][  0]LogConfig: Setting CVar [[r.DOF.Gather.EnableBokehSettings:0       ; no bokeh simulation when gathering]]
[2019.05.08-07.10.34:310][  0]LogConfig: Setting CVar [[r.DOF.Gather.RingCount:4                 ; medium number of samples when gathering]]
[2019.05.08-07.10.34:310][  0]LogConfig: Setting CVar [[r.DOF.Scatter.ForegroundCompositing:1    ; additive foreground scattering]]
[2019.05.08-07.10.34:310][  0]LogConfig: Setting CVar [[r.DOF.Scatter.BackgroundCompositing:2    ; additive background scattering]]
[2019.05.08-07.10.34:310][  0]LogConfig: Setting CVar [[r.DOF.Scatter.EnableBokehSettings:1      ; bokeh simulation when scattering]]
[2019.05.08-07.10.34:310][  0]LogConfig: Setting CVar [[r.DOF.Scatter.MaxSpriteRatio:0.1         ; only a maximum of 10% of scattered bokeh]]
[2019.05.08-07.10.34:310][  0]LogConfig: Setting CVar [[r.DOF.Recombine.Quality:1                ; cheap slight out of focus]]
[2019.05.08-07.10.34:310][  0]LogConfig: Setting CVar [[r.DOF.Recombine.EnableBokehSettings:0    ; no bokeh simulation on slight out of focus]]
[2019.05.08-07.10.34:310][  0]LogConfig: Setting CVar [[r.DOF.TemporalAAQuality:1                ; more stable temporal accumulation]]
[2019.05.08-07.10.34:310][  0]LogConfig: Setting CVar [[r.DOF.Kernel.MaxForegroundRadius:0.025]]
[2019.05.08-07.10.34:310][  0]LogConfig: Setting CVar [[r.DOF.Kernel.MaxBackgroundRadius:0.025]]
[2019.05.08-07.10.34:311][  0]LogConfig: Applying CVar settings from Section [TextureQuality@3] File [C:/Users/Aden/Documents/GitHub/AdensPlatformer/Platformer/Saved/Config/Windows/Scalability.ini]
[2019.05.08-07.10.34:311][  0]LogConfig: Setting CVar [[r.Streaming.MipBias:0]]
[2019.05.08-07.10.34:311][  0]LogConfig: Setting CVar [[r.Streaming.AmortizeCPUToGPUCopy:0]]
[2019.05.08-07.10.34:311][  0]LogConfig: Setting CVar [[r.Streaming.MaxNumTexturesToStreamPerFrame:0]]
[2019.05.08-07.10.34:311][  0]LogConfig: Setting CVar [[r.Streaming.Boost:1]]
[2019.05.08-07.10.34:311][  0]LogConfig: Setting CVar [[r.MaxAnisotropy:8]]
[2019.05.08-07.10.34:311][  0]LogConfig: Setting CVar [[r.Streaming.LimitPoolSizeToVRAM:0]]
[2019.05.08-07.10.34:311][  0]LogConfig: Setting CVar [[r.Streaming.PoolSize:1000]]
[2019.05.08-07.10.34:311][  0]LogConfig: Setting CVar [[r.Streaming.MaxEffectiveScreenSize:0]]
[2019.05.08-07.10.34:311][  0]LogConfig: Applying CVar settings from Section [EffectsQuality@3] File [C:/Users/Aden/Documents/GitHub/AdensPlatformer/Platformer/Saved/Config/Windows/Scalability.ini]
[2019.05.08-07.10.34:311][  0]LogConfig: Setting CVar [[r.TranslucencyLightingVolumeDim:64]]
[2019.05.08-07.10.34:311][  0]LogConfig: Setting CVar [[r.RefractionQuality:2]]
[2019.05.08-07.10.34:311][  0]LogConfig: Setting CVar [[r.SSR.Quality:3]]
[2019.05.08-07.10.34:311][  0]LogConfig: Setting CVar [[r.SceneColorFormat:4]]
[2019.05.08-07.10.34:311][  0]LogConfig: Setting CVar [[r.DetailMode:2]]
[2019.05.08-07.10.34:311][  0]LogConfig: Setting CVar [[r.TranslucencyVolumeBlur:1]]
[2019.05.08-07.10.34:311][  0]LogConfig: Setting CVar [[r.MaterialQualityLevel:1 ; High quality]]
[2019.05.08-07.10.34:311][  0]LogConfig: Setting CVar [[r.SSS.Scale:1]]
[2019.05.08-07.10.34:311][  0]LogConfig: Setting CVar [[r.SSS.SampleSet:2]]
[2019.05.08-07.10.34:311][  0]LogConfig: Setting CVar [[r.SSS.Quality:1]]
[2019.05.08-07.10.34:311][  0]LogConfig: Setting CVar [[r.SSS.HalfRes:1]]
[2019.05.08-07.10.34:311][  0]LogConfig: Setting CVar [[r.EmitterSpawnRateScale:1.0]]
[2019.05.08-07.10.34:311][  0]LogConfig: Setting CVar [[r.ParticleLightQuality:2]]
[2019.05.08-07.10.34:311][  0]LogConfig: Applying CVar settings from Section [FoliageQuality@3] File [C:/Users/Aden/Documents/GitHub/AdensPlatformer/Platformer/Saved/Config/Windows/Scalability.ini]
[2019.05.08-07.10.34:311][  0]LogConfig: Setting CVar [[foliage.DensityScale:1.0]]
[2019.05.08-07.10.34:311][  0]LogConfig: Setting CVar [[grass.DensityScale:1.0]]
[2019.05.08-07.10.34:311][  0]LogConfig: Applying CVar settings from Section [Startup] File [../../../Engine/Config/ConsoleVariables.ini]
[2019.05.08-07.10.34:311][  0]LogConfig: Setting CVar [[net.UseAdaptiveNetUpdateFrequency:0]]
[2019.05.08-07.10.34:311][  0]LogConfig: Setting CVar [[p.chaos.AllowCreatePhysxBodies:1]]
[2019.05.08-07.10.34:311][  0]LogConfig: Applying CVar settings from Section [ConsoleVariables] File [C:/Users/Aden/Documents/GitHub/AdensPlatformer/Platformer/Saved/Config/Windows/Engine.ini]
[2019.05.08-07.10.34:311][  0]LogInit: Computer: DESKTOP-MBUH7M2
[2019.05.08-07.10.34:311][  0]LogInit: User: Aden
[2019.05.08-07.10.34:311][  0]LogInit: CPU Page size=4096, Cores=4
[2019.05.08-07.10.34:311][  0]LogInit: High frequency timer resolution =3.328124 MHz
[2019.05.08-07.10.34:311][  0]LogMemory: Memory total: Physical=15.9GB (16GB approx)
[2019.05.08-07.10.34:311][  0]LogMemory: Platform Memory Stats for Windows
[2019.05.08-07.10.34:311][  0]LogMemory: Process Physical Memory: 96.06 MB used, 96.06 MB peak
[2019.05.08-07.10.34:311][  0]LogMemory: Process Virtual Memory: 90.58 MB used, 90.58 MB peak
[2019.05.08-07.10.34:311][  0]LogMemory: Physical Memory: 9227.76 MB used,  7087.52 MB free, 16315.27 MB total
[2019.05.08-07.10.34:311][  0]LogMemory: Virtual Memory: 4660.64 MB used,  134213064.00 MB free, 134217728.00 MB total
[2019.05.08-07.10.34:337][  0]LogInit: Using OS detected language (en-US).
[2019.05.08-07.10.34:337][  0]LogInit: Using OS detected locale (en-AU).
[2019.05.08-07.10.34:338][  0]LogTextLocalizationManager: No specific localization for 'en-US' exists, so the 'en' localization will be used.
[2019.05.08-07.10.34:513][  0]LogInit: Setting process to per monitor DPI aware
[2019.05.08-07.10.34:550][  0]LogSlate: New Slate User Created.  User Index 0, Is Virtual User: 0
[2019.05.08-07.10.34:550][  0]LogSlate: Slate User Registered.  User Index 0, Is Virtual User: 0
[2019.05.08-07.10.34:719][  0]LogHMD: Failed to initialize OpenVR with code 110
[2019.05.08-07.10.34:719][  0]LogD3D11RHI: D3D11 adapters:
[2019.05.08-07.10.34:794][  0]LogD3D11RHI:    0. 'NVIDIA GeForce GTX 1070 Ti' (Feature Level 11_0)
[2019.05.08-07.10.34:794][  0]LogD3D11RHI:       8080/0/8157 MB DedicatedVideo/DedicatedSystem/SharedSystem, Outputs:1, VendorId:0x10de
[2019.05.08-07.10.34:796][  0]LogD3D11RHI:    1. 'Microsoft Basic Render Driver' (Feature Level 11_0)
[2019.05.08-07.10.34:796][  0]LogD3D11RHI:       0/0/8157 MB DedicatedVideo/DedicatedSystem/SharedSystem, Outputs:0, VendorId:0x1414
[2019.05.08-07.10.34:796][  0]LogD3D11RHI: Chosen D3D11 Adapter: 0
[2019.05.08-07.10.34:806][  0]LogD3D11RHI: Creating new Direct3DDevice
[2019.05.08-07.10.34:806][  0]LogD3D11RHI:     GPU DeviceId: 0x1b82 (for the marketing name, search the web for "GPU Device Id")
[2019.05.08-07.10.34:806][  0]LogWindows: EnumDisplayDevices:
[2019.05.08-07.10.34:806][  0]LogWindows:    0. 'NVIDIA GeForce GTX 1070 Ti' (P:1 D:1)
[2019.05.08-07.10.34:806][  0]LogWindows:    1. 'NVIDIA GeForce GTX 1070 Ti' (P:0 D:0)
[2019.05.08-07.10.34:806][  0]LogWindows:    2. 'NVIDIA GeForce GTX 1070 Ti' (P:0 D:0)
[2019.05.08-07.10.34:806][  0]LogWindows:    3. 'NVIDIA GeForce GTX 1070 Ti' (P:0 D:0)
[2019.05.08-07.10.34:807][  0]LogWindows: DebugString: FoundDriverCount:4 
[2019.05.08-07.10.34:807][  0]LogD3D11RHI:     Adapter Name: NVIDIA GeForce GTX 1070 Ti
[2019.05.08-07.10.34:807][  0]LogD3D11RHI:   Driver Version: 430.39 (internal:26.21.14.3039, unified:430.39)
[2019.05.08-07.10.34:807][  0]LogD3D11RHI:      Driver Date: 4-17-2019
[2019.05.08-07.10.34:807][  0]LogRHI: Texture pool is 5656 MB (70% of 8080 MB)
[2019.05.08-07.10.34:851][  0]LogD3D11RHI: Async texture creation enabled
[2019.05.08-07.10.34:859][  0]LogRendererCore: FGlobalReadBuffer::InitRHI
[2019.05.08-07.10.34:860][  0]LogRendererCore: FGlobalReadBuffer::InitRHI
[2019.05.08-07.10.34:860][  0]LogRendererCore: FGlobalReadBuffer::InitRHI
[2019.05.08-07.10.34:868][  0]LogD3D11RHI: GPU Timing Frequency: 1000.000000 (Debug: 2 1)
[2019.05.08-07.10.35:235][  0]LogTemp: Display: Module 'AllDesktopTargetPlatform' loaded TargetPlatform 'AllDesktop'
[2019.05.08-07.10.35:250][  0]LogTemp: Display: Module 'MacClientTargetPlatform' loaded TargetPlatform 'MacClient'
[2019.05.08-07.10.35:264][  0]LogTemp: Display: Module 'MacNoEditorTargetPlatform' loaded TargetPlatform 'MacNoEditor'
[2019.05.08-07.10.35:278][  0]LogTemp: Display: Module 'MacServerTargetPlatform' loaded TargetPlatform 'MacServer'
[2019.05.08-07.10.35:293][  0]LogTemp: Display: Module 'MacTargetPlatform' loaded TargetPlatform 'Mac'
[2019.05.08-07.10.35:307][  0]LogTemp: Display: Module 'WindowsClientTargetPlatform' loaded TargetPlatform 'WindowsClient'
[2019.05.08-07.10.35:322][  0]LogTemp: Display: Module 'WindowsNoEditorTargetPlatform' loaded TargetPlatform 'WindowsNoEditor'
[2019.05.08-07.10.35:336][  0]LogTemp: Display: Module 'WindowsServerTargetPlatform' loaded TargetPlatform 'WindowsServer'
[2019.05.08-07.10.35:345][  0]LogTemp: Display: Module 'WindowsTargetPlatform' loaded TargetPlatform 'Windows'
[2019.05.08-07.10.35:432][  0]LogTemp: Display: Module 'AndroidTargetPlatform' loaded TargetPlatform 'Android'
[2019.05.08-07.10.35:432][  0]LogTemp: Display: Module 'AndroidTargetPlatform' loaded TargetPlatform 'Android_ASTC'
[2019.05.08-07.10.35:432][  0]LogTemp: Display: Module 'AndroidTargetPlatform' loaded TargetPlatform 'Android_ATC'
[2019.05.08-07.10.35:432][  0]LogTemp: Display: Module 'AndroidTargetPlatform' loaded TargetPlatform 'Android_DXT'
[2019.05.08-07.10.35:432][  0]LogTemp: Display: Module 'AndroidTargetPlatform' loaded TargetPlatform 'Android_ETC1'
[2019.05.08-07.10.35:432][  0]LogTemp: Display: Module 'AndroidTargetPlatform' loaded TargetPlatform 'Android_ETC1a'
[2019.05.08-07.10.35:432][  0]LogTemp: Display: Module 'AndroidTargetPlatform' loaded TargetPlatform 'Android_ETC2'
[2019.05.08-07.10.35:432][  0]LogTemp: Display: Module 'AndroidTargetPlatform' loaded TargetPlatform 'Android_PVRTC'
[2019.05.08-07.10.35:432][  0]LogTemp: Display: Module 'AndroidTargetPlatform' loaded TargetPlatform 'AndroidClient'
[2019.05.08-07.10.35:432][  0]LogTemp: Display: Module 'AndroidTargetPlatform' loaded TargetPlatform 'Android_ASTCClient'
[2019.05.08-07.10.35:432][  0]LogTemp: Display: Module 'AndroidTargetPlatform' loaded TargetPlatform 'Android_ATCClient'
[2019.05.08-07.10.35:432][  0]LogTemp: Display: Module 'AndroidTargetPlatform' loaded TargetPlatform 'Android_DXTClient'
[2019.05.08-07.10.35:432][  0]LogTemp: Display: Module 'AndroidTargetPlatform' loaded TargetPlatform 'Android_ETC1Client'
[2019.05.08-07.10.35:432][  0]LogTemp: Display: Module 'AndroidTargetPlatform' loaded TargetPlatform 'Android_ETC1aClient'
[2019.05.08-07.10.35:432][  0]LogTemp: Display: Module 'AndroidTargetPlatform' loaded TargetPlatform 'Android_ETC2Client'
[2019.05.08-07.10.35:432][  0]LogTemp: Display: Module 'AndroidTargetPlatform' loaded TargetPlatform 'Android_PVRTCClient'
[2019.05.08-07.10.35:432][  0]LogTemp: Display: Module 'AndroidTargetPlatform' loaded TargetPlatform 'Android_Multi'
[2019.05.08-07.10.35:432][  0]LogTemp: Display: Module 'AndroidTargetPlatform' loaded TargetPlatform 'Android_MultiClient'
[2019.05.08-07.10.35:434][  0]LogTemp: Display: Module 'HTML5TargetPlatform' loaded TargetPlatform 'HTML5'
[2019.05.08-07.10.35:486][  0]LogTemp: Display: Module 'IOSTargetPlatform' loaded TargetPlatform 'IOSClient'
[2019.05.08-07.10.35:486][  0]LogTemp: Display: Module 'IOSTargetPlatform' loaded TargetPlatform 'IOS'
[2019.05.08-07.10.35:511][  0]LogTemp: Display: Module 'TVOSTargetPlatform' loaded TargetPlatform 'TVOSClient'
[2019.05.08-07.10.35:511][  0]LogTemp: Display: Module 'TVOSTargetPlatform' loaded TargetPlatform 'TVOS'
[2019.05.08-07.10.35:526][  0]LogTemp: Display: Module 'LinuxClientTargetPlatform' loaded TargetPlatform 'LinuxClient'
[2019.05.08-07.10.35:541][  0]LogTemp: Display: Module 'LinuxNoEditorTargetPlatform' loaded TargetPlatform 'LinuxNoEditor'
[2019.05.08-07.10.35:552][  0]LogTemp: Display: Module 'LinuxServerTargetPlatform' loaded TargetPlatform 'LinuxServer'
[2019.05.08-07.10.35:565][  0]LogTemp: Display: Module 'LinuxTargetPlatform' loaded TargetPlatform 'Linux'
[2019.05.08-07.10.35:610][  0]LogTemp: Display: Module 'LuminTargetPlatform' loaded TargetPlatform 'Lumin'
[2019.05.08-07.10.35:610][  0]LogTemp: Display: Module 'LuminTargetPlatform' loaded TargetPlatform 'LuminClient'
[2019.05.08-07.10.35:610][  0]LogTargetPlatformManager: Display: Building Assets For Windows
[2019.05.08-07.10.35:619][  0]LogAudioDebug: Display: Lib vorbis DLL was dynamically loaded.
[2019.05.08-07.10.35:682][  0]LogShaderCompilers: Guid format shader working directory is -27 characters bigger than the processId version (../../../../../../Users/Aden/Documents/GitHub/AdensPlatformer/Platformer/Intermediate/Shaders/WorkingDirectory/1900/).
[2019.05.08-07.10.35:682][  0]LogShaderCompilers: Cleaned the shader compiler working directory 'C:/Users/Aden/AppData/Local/Temp/UnrealShaderWorkingDir/54D76F14459043AC16F1D7884AF73225/'.
[2019.05.08-07.10.35:684][  0]LogXGEController: Cannot use XGE Controller as Incredibuild is not installed on this machine.
[2019.05.08-07.10.35:685][  0]LogShaderCompilers: Cannot use XGE Shader Compiler as Incredibuild is not installed on this machine.
[2019.05.08-07.10.35:685][  0]LogShaderCompilers: Display: Using Local Shader Compiler.
[2019.05.08-07.10.36:240][  0]LogDerivedDataCache: Display: Max Cache Size: 512 MB
[2019.05.08-07.10.36:300][  0]LogDerivedDataCache: Loaded boot cache 0.06s 71MB C:/Users/Aden/AppData/Local/UnrealEngine/4.22/DerivedDataCache/Boot.ddc.
[2019.05.08-07.10.36:300][  0]LogDerivedDataCache: Display: Loaded Boot cache: C:/Users/Aden/AppData/Local/UnrealEngine/4.22/DerivedDataCache/Boot.ddc
[2019.05.08-07.10.36:300][  0]LogDerivedDataCache: FDerivedDataBackendGraph:  Pak pak cache file ../../../../../../Users/Aden/Documents/GitHub/AdensPlatformer/Platformer/DerivedDataCache/DDC.ddp not found, will not use a pak cache.
[2019.05.08-07.10.36:300][  0]LogDerivedDataCache: Unable to find inner node Pak for hierarchical cache Hierarchy.
[2019.05.08-07.10.36:300][  0]LogDerivedDataCache: FDerivedDataBackendGraph:  CompressedPak pak cache file ../../../../../../Users/Aden/Documents/GitHub/AdensPlatformer/Platformer/DerivedDataCache/Compressed.ddp not found, will not use a pak cache.
[2019.05.08-07.10.36:300][  0]LogDerivedDataCache: Unable to find inner node CompressedPak for hierarchical cache Hierarchy.
[2019.05.08-07.10.36:313][  0]LogDerivedDataCache: Display: Pak cache opened for reading ../../../Engine/DerivedDataCache/Compressed.ddp.
[2019.05.08-07.10.36:313][  0]LogDerivedDataCache: FDerivedDataBackendGraph:  EnterprisePak pak cache file ../../../Enterprise/DerivedDataCache/Compressed.ddp not found, will not use a pak cache.
[2019.05.08-07.10.36:313][  0]LogDerivedDataCache: Unable to find inner node EnterprisePak for hierarchical cache Hierarchy.
[2019.05.08-07.10.36:325][  0]LogDerivedDataCache: Using Local data cache path C:/Users/Aden/AppData/Local/UnrealEngine/Common/DerivedDataCache: Writable
[2019.05.08-07.10.36:325][  0]LogDerivedDataCache: Shared data cache path not found in *engine.ini, will not use an Shared cache.
[2019.05.08-07.10.36:325][  0]LogDerivedDataCache: Unable to find inner node Shared for hierarchical cache Hierarchy.
[2019.05.08-07.10.36:349][  0]LogMaterial: Verifying Global Shaders for PCD3D_SM5
[2019.05.08-07.10.36:350][  0]LogSlate: Using FreeType 2.6.0
[2019.05.08-07.10.36:350][  0]LogSlate: SlateFontServices - WITH_FREETYPE: 1, WITH_HARFBUZZ: 1
[2019.05.08-07.10.36:439][  0]LogAssetRegistry: FAssetRegistry took 0.0334 seconds to start up
[2019.05.08-07.10.36:785][  0]LogInit: Selected Device Profile: [Windows]
[2019.05.08-07.10.36:933][  0]LogMeshReduction: Using QuadricMeshReduction for automatic static mesh reduction
[2019.05.08-07.10.36:933][  0]LogMeshReduction: Using SimplygonMeshReduction for automatic skeletal mesh reduction
[2019.05.08-07.10.36:933][  0]LogMeshReduction: Using ProxyLODMeshReduction for automatic mesh merging
[2019.05.08-07.10.36:933][  0]LogMeshReduction: No distributed automatic mesh merging module available
[2019.05.08-07.10.36:933][  0]LogMeshMerging: No distributed automatic mesh merging module available
[2019.05.08-07.10.36:944][  0]LogNetVersion: Platformer 1.0.0, NetCL: 5660361, EngineNetVer: 10, GameNetVer: 0 (Checksum: 4183678404)
[2019.05.08-07.10.37:681][  0]LogPackageLocalizationCache: Processed 10 localized package path(s) for 1 prioritized culture(s) in 0.301299 seconds
[2019.05.08-07.10.37:688][  0]LogUObjectArray: 42205 objects as part of root set at end of initial load.
[2019.05.08-07.10.37:688][  0]LogUObjectAllocator: 7325032 out of 0 bytes used by permanent object pool.
[2019.05.08-07.10.37:688][  0]LogUObjectArray: CloseDisregardForGC: 0/0 objects in disregard for GC pool
[2019.05.08-07.10.38:723][  0]LogTcpMessaging: Initializing TcpMessaging bridge
[2019.05.08-07.10.38:737][  0]LogUdpMessaging: Initializing bridge on interface 0.0.0.0:0 to multicast group 230.0.0.1:6666.
[2019.05.08-07.10.38:848][  0]SourceControl: Source control is disabled
[2019.05.08-07.10.38:848][  0]SourceControl: Source control is disabled
[2019.05.08-07.10.38:850][  0]SourceControl: Source control is disabled
[2019.05.08-07.10.38:851][  0]SourceControl: Source control is disabled
[2019.05.08-07.10.38:980][  0]LogAndroidPermission: UAndroidPermissionCallbackProxy::GetInstance
[2019.05.08-07.10.39:078][  0]LogOcInput: OculusInput pre-init called
[2019.05.08-07.10.39:772][  0]LogEngine: Initializing Engine...
[2019.05.08-07.10.39:773][  0]LogHMD: Failed to initialize OpenVR with code 110
[2019.05.08-07.10.39:774][  0]LogStats: UGameplayTagsManager::InitializeManager -  0.000 s
[2019.05.08-07.10.39:985][  0]LogInit: Initializing FReadOnlyCVARCache
[2019.05.08-07.10.40:005][  0]LogAIModule: Creating AISystem for world Untitled
[2019.05.08-07.10.40:027][  0]LogInit: XAudio2 using 'Speakers (2- Realtek High Definition Audio)' : 2 channels at 48 kHz using 32 bits per sample (channel mask 0x3)
[2019.05.08-07.10.40:087][  0]LogInit: FAudioDevice initialized.
[2019.05.08-07.10.40:087][  0]LogNetVersion: Set ProjectVersion to 1.0.0.0. Version Checksum will be recalculated on next use.
[2019.05.08-07.10.40:583][  0]LogDerivedDataCache: Saved boot cache 0.50s 71MB C:/Users/Aden/AppData/Local/UnrealEngine/4.22/DerivedDataCache/Boot.ddc.
[2019.05.08-07.10.40:598][  0]LogInit: Texture streaming: Enabled
[2019.05.08-07.10.40:619][  0]LogEngineSessionManager: EngineSessionManager initialized
[2019.05.08-07.10.40:644][  0]LogInit: Transaction tracking system initialized
[2019.05.08-07.10.40:674][  0]BlueprintLog: New page: Editor Load
[2019.05.08-07.10.40:800][  0]LocalizationService: Localization service is disabled
[2019.05.08-07.10.40:945][  0]LogLinker: Warning: Can't find file '/Game/VehicleBP/VehicleOverview'
[2019.05.08-07.10.40:945][  0]LogLinker: Warning: Can't find file '/Game/VehicleBP/VehicleOverview'
[2019.05.08-07.10.40:946][  0]LogUObjectGlobals: Warning: Failed to find object 'Class /Game/VehicleBP/VehicleOverview.VehicleOverview_C'
[2019.05.08-07.10.41:565][  0]LogFileCache: Scanning file cache for directory 'C:/Users/Aden/Documents/GitHub/AdensPlatformer/Platformer/Content/' took 0.04s
[2019.05.08-07.10.41:565][  0]LogCook: Display: Max memory allowance for cook 16384mb min free memory 0mb
[2019.05.08-07.10.41:565][  0]LogCook: Display: Mobile HDR setting 1
[2019.05.08-07.10.41:756][  0]SourceControl: Source control is disabled
[2019.05.08-07.10.41:756][  0]Cmd: MAP LOAD FILE="../../../../../../Users/Aden/Documents/GitHub/AdensPlatformer/Platformer/Content/_MyContent/Maps/Level_1.umap" TEMPLATE=0 SHOWPROGRESS=1 FEATURELEVEL=3
[2019.05.08-07.10.41:757][  0]LightingResults: New page: Lighting Build
[2019.05.08-07.10.41:760][  0]MapCheck: New page: Map Check
[2019.05.08-07.10.41:760][  0]LightingResults: New page: Lighting Build
[2019.05.08-07.10.41:786][  0]LogUObjectHash: Compacting FUObjectHashTables data took   1.64ms
[2019.05.08-07.10.46:081][  0]LogAIModule: Creating AISystem for world Level_1
[2019.05.08-07.10.46:565][  0]LogEditorServer: Finished looking for orphan Actors (0.000 secs)
[2019.05.08-07.10.46:592][  0]LogUObjectHash: Compacting FUObjectHashTables data took   2.20ms
[2019.05.08-07.10.46:592][  0]Cmd: MAP CHECKDEP NOCLEARLOG
[2019.05.08-07.10.46:592][  0]MapCheck: Map check complete: 0 Error(s), 0 Warning(s), took 0.235ms to complete.
[2019.05.08-07.10.46:593][  0]LogFileHelpers: Loading map 'Level_1' took 4.836
[2019.05.08-07.10.47:088][  0]LogSlate: Updating window title bar state: overlay mode, drag disabled, window buttons hidden, title bar hidden
[2019.05.08-07.10.47:104][  0]LogSlate: Updating window title bar state: overlay mode, drag disabled, window buttons hidden, title bar hidden
[2019.05.08-07.10.47:112][  0]LogSlate: Updating window title bar state: overlay mode, drag disabled, window buttons hidden, title bar hidden
[2019.05.08-07.10.47:119][  0]LogSlate: Updating window title bar state: overlay mode, drag disabled, window buttons hidden, title bar hidden
[2019.05.08-07.10.47:207][  0]LogCollectionManager: Loaded 0 collections in 0.015819 seconds
[2019.05.08-07.10.47:345][  0]LogFileCache: Scanning file cache for directory 'C:/Users/Aden/Documents/GitHub/AdensPlatformer/Platformer/Saved/Collections/' took 0.01s
[2019.05.08-07.10.47:345][  0]LogFileCache: Scanning file cache for directory 'C:/Users/Aden/Documents/GitHub/AdensPlatformer/Platformer/Content/Developers/Aden/Collections/' took 0.00s
[2019.05.08-07.10.47:345][  0]LogFileCache: Scanning file cache for directory 'C:/Users/Aden/Documents/GitHub/AdensPlatformer/Platformer/Content/Collections/' took 0.00s
[2019.05.08-07.10.47:345][  0]LogCollectionManager: Rebuilt the GUID cache for 0 collections in 0.000000 seconds
[2019.05.08-07.10.47:355][  0]LogContentBrowser: Native class hierarchy populated in 0.0087 seconds. Added 2732 classes and 659 folders.
[2019.05.08-07.10.47:450][  0]LogContentBrowser: Native class hierarchy updated for 'WidgetCarousel' in 0.0002 seconds. Added 0 classes and 0 folders.
[2019.05.08-07.10.47:534][  0]LogPakFile: Registered encryption key '00000000000000000000000000000000': 0 pak files mounted, 0 remain pending
[2019.05.08-07.10.47:567][  0]LogPakFile: Registered encryption key '00000000000000000000000000000000': 0 pak files mounted, 0 remain pending
[2019.05.08-07.10.47:604][  0]LogPakFile: Registered encryption key '00000000000000000000000000000000': 0 pak files mounted, 0 remain pending
[2019.05.08-07.10.47:789][  0]LogPakFile: Registered encryption key '00000000000000000000000000000000': 0 pak files mounted, 0 remain pending
[2019.05.08-07.10.47:814][  0]LogPakFile: Registered encryption key '00000000000000000000000000000000': 0 pak files mounted, 0 remain pending
[2019.05.08-07.10.47:819][  0]LogPakFile: Registered encryption key '00000000000000000000000000000000': 0 pak files mounted, 0 remain pending
[2019.05.08-07.10.47:825][  0]LogPakFile: Registered encryption key '00000000000000000000000000000000': 0 pak files mounted, 0 remain pending
[2019.05.08-07.10.47:847][  0]LogPakFile: Registered encryption key '00000000000000000000000000000000': 0 pak files mounted, 0 remain pending
[2019.05.08-07.10.47:853][  0]LogPakFile: Registered encryption key '00000000000000000000000000000000': 0 pak files mounted, 0 remain pending
[2019.05.08-07.10.47:859][  0]LogPakFile: Registered encryption key '00000000000000000000000000000000': 0 pak files mounted, 0 remain pending
[2019.05.08-07.10.47:864][  0]LogPakFile: Registered encryption key '00000000000000000000000000000000': 0 pak files mounted, 0 remain pending
[2019.05.08-07.10.47:869][  0]LogPakFile: Registered encryption key '00000000000000000000000000000000': 0 pak files mounted, 0 remain pending
[2019.05.08-07.10.47:875][  0]LogPakFile: Registered encryption key '00000000000000000000000000000000': 0 pak files mounted, 0 remain pending
[2019.05.08-07.10.47:880][  0]LogPakFile: Registered encryption key '00000000000000000000000000000000': 0 pak files mounted, 0 remain pending
[2019.05.08-07.10.47:894][  0]LogPakFile: Registered encryption key '00000000000000000000000000000000': 0 pak files mounted, 0 remain pending
[2019.05.08-07.10.47:899][  0]LogPakFile: Registered encryption key '00000000000000000000000000000000': 0 pak files mounted, 0 remain pending
[2019.05.08-07.10.47:927][  0]LogPakFile: Registered encryption key '00000000000000000000000000000000': 0 pak files mounted, 0 remain pending
[2019.05.08-07.10.47:932][  0]LogPakFile: Registered encryption key '00000000000000000000000000000000': 0 pak files mounted, 0 remain pending
[2019.05.08-07.10.47:944][  0]LogPakFile: Registered encryption key '00000000000000000000000000000000': 0 pak files mounted, 0 remain pending
[2019.05.08-07.10.47:983][  0]LogPakFile: Registered encryption key '00000000000000000000000000000000': 0 pak files mounted, 0 remain pending
[2019.05.08-07.10.47:989][  0]LogPakFile: Registered encryption key '00000000000000000000000000000000': 0 pak files mounted, 0 remain pending
[2019.05.08-07.10.47:995][  0]LogPakFile: Registered encryption key '00000000000000000000000000000000': 0 pak files mounted, 0 remain pending
[2019.05.08-07.10.48:043][  0]LogPakFile: Registered encryption key '00000000000000000000000000000000': 0 pak files mounted, 0 remain pending
[2019.05.08-07.10.48:119][  0]LogPakFile: Registered encryption key '00000000000000000000000000000000': 0 pak files mounted, 0 remain pending
[2019.05.08-07.10.48:129][  0]LogPakFile: Registered encryption key '00000000000000000000000000000000': 0 pak files mounted, 0 remain pending
[2019.05.08-07.10.48:146][  0]LogPakFile: Registered encryption key '00000000000000000000000000000000': 0 pak files mounted, 0 remain pending
[2019.05.08-07.10.49:360][  0]LogContentBrowser: Native class hierarchy updated for 'AddContentDialog' in 0.0002 seconds. Added 0 classes and 0 folders.
[2019.05.08-07.10.49:418][  0]LogContentBrowser: Native class hierarchy updated for 'SceneOutliner' in 0.0003 seconds. Added 1 classes and 2 folders.
[2019.05.08-07.10.49:732][  0]LogSlate: Took 0.000187 seconds to synchronously load lazily loaded font '../../../Engine/Content/Slate/Fonts/Roboto-Regular.ttf' (155K)
[2019.05.08-07.10.49:733][  0]LogSlate: Took 0.000235 seconds to synchronously load lazily loaded font '../../../Engine/Content/Slate/Fonts/Roboto-Bold.ttf' (160K)
[2019.05.08-07.10.49:824][  0]LogSlate: Took 0.038140 seconds to synchronously load lazily loaded font '../../../Engine/Content/Editor/Slate/Fonts/FontAwesome.ttf' (139K)
[2019.05.08-07.10.50:187][  0]LogRenderer: Reallocating scene render targets to support 1208x572 Format 10 NumSamples 1 (Frame:1).
[2019.05.08-07.10.50:573][  0]LogContentBrowser: Native class hierarchy updated for 'HierarchicalLODOutliner' in 0.0003 seconds. Added 0 classes and 0 folders.
[2019.05.08-07.10.50:573][  0]LogLoad: (Engine Initialization) Total time: 20.17 seconds
[2019.05.08-07.10.50:573][  0]LogLoad: (Engine Initialization) Total Blueprint compile time: 0.00 seconds
[2019.05.08-07.10.50:583][  0]LogWindowsTextInputMethodSystem: Display: IME system now deactivated.
[2019.05.08-07.10.50:657][  0]LogAssetRegistry: Asset discovery search completed in 14.2397 seconds
[2019.05.08-07.10.50:659][  0]LogCollectionManager: Rebuilt the object cache for 0 collections in 0.000000 seconds (found 0 objects)
[2019.05.08-07.10.50:659][  0]LogCollectionManager: Fixed up redirectors for 0 collections in 0.000037 seconds (updated 0 objects)
[2019.05.08-07.10.50:660][  0]LogContentStreaming: Texture pool size now 1000 MB
[2019.05.08-07.10.50:783][  0]LogSlate: Took 0.013955 seconds to synchronously load lazily loaded font '../../../Engine/Content/Slate/Fonts/Roboto-Light.ttf' (167K)
[2019.05.08-07.10.51:611][ 92]LogSlate: Took 0.000182 seconds to synchronously load lazily loaded font '../../../Engine/Content/Slate/Fonts/Roboto-Light.ttf' (167K)
[2019.05.08-07.10.54:878][465]LogSlate: FSceneViewport::OnFocusLost() reason 0
[2019.05.08-07.10.55:136][492]LogAssetEditorManager: Opening Asset editor for Blueprint /Game/_MyContent/Blueprints/BP_MyWaypointPlatform.BP_MyWaypointPlatform
[2019.05.08-07.10.56:258][492]LogContentBrowser: Native class hierarchy updated for 'BlueprintGraph' in 0.0005 seconds. Added 121 classes and 0 folders.
[2019.05.08-07.10.57:929][492]LogSlate: Took 0.027058 seconds to synchronously load lazily loaded font '../../../Engine/Content/Slate/Fonts/Roboto-BoldCondensed.ttf' (158K)
[2019.05.08-07.11.39:371][143]LogSlate: Took 0.035720 seconds to synchronously load lazily loaded font '../../../Engine/Content/Slate/Fonts/Roboto-Italic.ttf' (157K)
[2019.05.08-07.12.40:311][  5]BlueprintLog: New page: Compile BP_MyWaypointPlatform
[2019.05.08-07.12.40:594][  5]LogUObjectHash: Compacting FUObjectHashTables data took   3.82ms
[2019.05.08-07.12.41:290][ 47]LogSavePackage: Moving '../../../../../../Users/Aden/Documents/GitHub/AdensPlatformer/Platformer/Saved/BP_MyWaypointPlatform9622993743C964F7D6EA29822246DC58.tmp' to '../../../../../../Users/Aden/Documents/GitHub/AdensPlatformer/Platformer/Content/_MyContent/Blueprints/BP_MyWaypointPlatform.uasset'
[2019.05.08-07.56.49:106][549]LogSavePackage: Moving '../../../../../../Users/Aden/Documents/GitHub/AdensPlatformer/Platformer/Saved/BP_MyWaypointPlatform6AA5A7714C06137064F68F8D6951E8E8.tmp' to '../../../../../../Users/Aden/Documents/GitHub/AdensPlatformer/Platformer/Content/_MyContent/Blueprints/BP_MyWaypointPlatform.uasset'
[2019.05.08-08.02.38:350][241]LogAssetEditorManager: Opening Asset editor for Blueprint /Game/_MyContent/Blueprints/BP_MtFunctionLibary.BP_MtFunctionLibary
[2019.05.08-08.02.40:074][430]LogSlate: Window 'BP_MtFunctionLibary' being destroyed
[2019.05.08-08.10.31:923][614]BlueprintLog: New page: Compile BP_MtFunctionLibary
[2019.05.08-08.10.31:963][614]LogUObjectHash: Compacting FUObjectHashTables data took   3.66ms
[2019.05.08-08.10.32:535][679]LogSavePackage: Moving '../../../../../../Users/Aden/Documents/GitHub/AdensPlatformer/Platformer/Saved/BP_MtFunctionLibary409AE9ED4AF710E53DD9CCB7CAAB7651.tmp' to '../../../../../../Users/Aden/Documents/GitHub/AdensPlatformer/Platformer/Content/_MyContent/Blueprints/BP_MtFunctionLibary.uasset'
[2019.05.08-08.10.43:161][545]LogAssetEditorManager: Opening Asset editor for LevelScriptBlueprint /Game/_MyContent/Maps/Level_1.Level_1:PersistentLevel.Level_1
[2019.05.08-08.11.39:540][480]BlueprintLog: New page: Compile Level_1
[2019.05.08-08.11.39:693][480]LogUObjectHash: Compacting FUObjectHashTables data took   3.15ms
[2019.05.08-08.11.40:105][522]LogUObjectHash: Compacting FUObjectHashTables data took   1.79ms
[2019.05.08-08.11.40:274][522]LogSavePackage: Moving '../../../../../../Users/Aden/Documents/GitHub/AdensPlatformer/Platformer/Saved/Level_1BBD9EA464E962B99609E97BD20D240D6.tmp' to '../../../../../../Users/Aden/Documents/GitHub/AdensPlatformer/Platformer/Content/_MyContent/Maps/Level_1.umap'
[2019.05.08-08.11.40:315][522]LogFileHelpers: Saving map 'Level_1' took 0.248
[2019.05.08-08.11.41:683][682]LogTemp: Repeating last play command: New Editor Window (PIE)
[2019.05.08-08.11.41:703][682]LogBlueprintUserMessages: Early PlayInEditor Detection: Level '/Game/_MyContent/Maps/Level_1.Level_1:PersistentLevel' has LevelScriptBlueprint '/Game/_MyContent/Maps/Level_1.Level_1:PersistentLevel.Level_1' with GeneratedClass '/Game/_MyContent/Maps/Level_1.Level_1_C' with ClassGeneratedBy '/Game/_MyContent/Maps/Level_1.Level_1:PersistentLevel.Level_1'
[2019.05.08-08.11.41:703][682]LogPlayLevel: PlayLevel: No blueprints needed recompiling
[2019.05.08-08.11.41:720][682]PIE: New page: PIE session: Level_1 (9 May 2019 3:11:41 am)
[2019.05.08-08.11.41:733][682]LogPlayLevel: Creating play world package: /Game/_MyContent/Maps/UEDPIE_0_Level_1
[2019.05.08-08.11.41:736][682]LogPlayLevel: PIE: StaticDuplicateObject took: (0.003366s)
[2019.05.08-08.11.41:737][682]LogAIModule: Creating AISystem for world Level_1
[2019.05.08-08.11.41:738][682]LogPlayLevel: PIE: World Init took: (0.001061s)
[2019.05.08-08.11.41:738][682]LogPlayLevel: PIE: Created PIE world by copying editor world from /Game/_MyContent/Maps/Level_1.Level_1 to /Game/_MyContent/Maps/UEDPIE_0_Level_1.Level_1 (0.004721s)
[2019.05.08-08.11.41:767][682]LogUObjectHash: Compacting FUObjectHashTables data took   2.14ms
[2019.05.08-08.11.41:782][682]LogInit: XAudio2 using 'Speakers (2- Realtek High Definition Audio)' : 2 channels at 48 kHz using 32 bits per sample (channel mask 0x3)
[2019.05.08-08.11.41:833][682]LogInit: FAudioDevice initialized.
[2019.05.08-08.11.41:841][682]LogSlate: Updating window title bar state: overlay mode, drag disabled, window buttons hidden, title bar hidden
[2019.05.08-08.11.41:882][682]LogLoad: Game class is 'GameModeBase'
[2019.05.08-08.11.41:885][682]LogWorld: Bringing World /Game/_MyContent/Maps/UEDPIE_0_Level_1.Level_1 up for play (max tick rate 0) at 2019.05.08-17.41.41
[2019.05.08-08.11.41:885][682]LogWorld: Bringing up level for play took: 0.001691
[2019.05.08-08.11.41:903][682]LogBlueprintActionDatabase: Requesting refresh due to module change: Voice (loaded)
[2019.05.08-08.11.41:932][682]LogBlueprintActionDatabase: Requesting refresh due to module change: MovieSceneCapture (loaded)
[2019.05.08-08.11.41:933][682]LogContentBrowser: Native class hierarchy updated for 'MovieSceneCapture' in 0.0004 seconds. Added 20 classes and 0 folders.
[2019.05.08-08.11.41:957][682]PIE: Play in editor start time for /Game/_MyContent/Maps/UEDPIE_0_Level_1 0.48
[2019.05.08-08.11.41:957][682]LogBlueprintUserMessages: Late PlayInEditor Detection: Level '/Game/_MyContent/Maps/Level_1.Level_1:PersistentLevel' has LevelScriptBlueprint '/Game/_MyContent/Maps/Level_1.Level_1:PersistentLevel.Level_1' with GeneratedClass '/Game/_MyContent/Maps/Level_1.Level_1_C' with ClassGeneratedBy '/Game/_MyContent/Maps/Level_1.Level_1:PersistentLevel.Level_1'
[2019.05.08-08.11.41:978][683]LogRenderer: Reallocating scene render targets to support 1912x1048 Format 10 NumSamples 1 (Frame:1).
[2019.05.08-08.12.01:983][ 45]LogBlueprintUserMessages: Early EndPlayMap Detection: Level '/Game/_MyContent/Maps/Level_1.Level_1:PersistentLevel' has LevelScriptBlueprint '/Game/_MyContent/Maps/Level_1.Level_1:PersistentLevel.Level_1' with GeneratedClass '/Game/_MyContent/Maps/Level_1.Level_1_C' with ClassGeneratedBy '/Game/_MyContent/Maps/Level_1.Level_1:PersistentLevel.Level_1'
[2019.05.08-08.12.01:983][ 45]LogSlate: Updating window title bar state: overlay mode, drag disabled, window buttons hidden, title bar hidden
[2019.05.08-08.12.01:995][ 45]LogSlate: Window 'Platformer Game Preview Standalone (64-bit/PCD3D_SM5)' being destroyed
[2019.05.08-08.12.02:033][ 45]LogPlayLevel: Display: Shutting down PIE online subsystems
[2019.05.08-08.12.02:033][ 45]LogBlueprintUserMessages: Late EndPlayMap Detection: Level '/Game/_MyContent/Maps/Level_1.Level_1:PersistentLevel' has LevelScriptBlueprint '/Game/_MyContent/Maps/Level_1.Level_1:PersistentLevel.Level_1' with GeneratedClass '/Game/_MyContent/Maps/Level_1.Level_1_C' with ClassGeneratedBy '/Game/_MyContent/Maps/Level_1.Level_1:PersistentLevel.Level_1'
[2019.05.08-08.12.02:097][ 45]LogUObjectHash: Compacting FUObjectHashTables data took   5.65ms
[2019.05.08-08.12.02:116][ 46]LogPlayLevel: Display: Destroying online subsystem :Context_5
[2019.05.08-08.12.22:282][993]BlueprintLog: New page: Compile Level_1
[2019.05.08-08.12.22:465][993]LogUObjectHash: Compacting FUObjectHashTables data took   4.22ms
[2019.05.08-08.12.22:812][ 29]LogUObjectHash: Compacting FUObjectHashTables data took   1.99ms
[2019.05.08-08.12.22:995][ 29]LogSavePackage: Moving '../../../../../../Users/Aden/Documents/GitHub/AdensPlatformer/Platformer/Saved/Level_1FA57729A49C22F029479149EF6755A44.tmp' to '../../../../../../Users/Aden/Documents/GitHub/AdensPlatformer/Platformer/Content/_MyContent/Maps/Level_1.umap'
[2019.05.08-08.12.23:023][ 29]LogFileHelpers: Saving map 'Level_1' took 0.244
[2019.05.08-08.12.23:468][ 81]LogTemp: Repeating last play command: New Editor Window (PIE)
[2019.05.08-08.12.23:482][ 81]LogBlueprintUserMessages: Early PlayInEditor Detection: Level '/Game/_MyContent/Maps/Level_1.Level_1:PersistentLevel' has LevelScriptBlueprint '/Game/_MyContent/Maps/Level_1.Level_1:PersistentLevel.Level_1' with GeneratedClass '/Game/_MyContent/Maps/Level_1.Level_1_C' with ClassGeneratedBy '/Game/_MyContent/Maps/Level_1.Level_1:PersistentLevel.Level_1'
[2019.05.08-08.12.23:482][ 81]LogPlayLevel: PlayLevel: No blueprints needed recompiling
[2019.05.08-08.12.23:483][ 81]PIE: New page: PIE session: Level_1 (9 May 2019 3:12:23 am)
[2019.05.08-08.12.23:483][ 81]LogPlayLevel: Creating play world package: /Game/_MyContent/Maps/UEDPIE_0_Level_1
[2019.05.08-08.12.23:486][ 81]LogPlayLevel: PIE: StaticDuplicateObject took: (0.003356s)
[2019.05.08-08.12.23:487][ 81]LogAIModule: Creating AISystem for world Level_1
[2019.05.08-08.12.23:487][ 81]LogPlayLevel: PIE: World Init took: (0.000877s)
[2019.05.08-08.12.23:487][ 81]LogPlayLevel: PIE: Created PIE world by copying editor world from /Game/_MyContent/Maps/Level_1.Level_1 to /Game/_MyContent/Maps/UEDPIE_0_Level_1.Level_1 (0.004363s)
[2019.05.08-08.12.23:521][ 81]LogUObjectHash: Compacting FUObjectHashTables data took   2.68ms
[2019.05.08-08.12.23:536][ 81]LogInit: XAudio2 using 'Speakers (2- Realtek High Definition Audio)' : 2 channels at 48 kHz using 32 bits per sample (channel mask 0x3)
[2019.05.08-08.12.23:586][ 81]LogInit: FAudioDevice initialized.
[2019.05.08-08.12.23:593][ 81]LogSlate: Updating window title bar state: overlay mode, drag disabled, window buttons hidden, title bar hidden
[2019.05.08-08.12.23:620][ 81]LogLoad: Game class is 'GameModeBase'
[2019.05.08-08.12.23:623][ 81]LogWorld: Bringing World /Game/_MyContent/Maps/UEDPIE_0_Level_1.Level_1 up for play (max tick rate 0) at 2019.05.08-17.42.23
[2019.05.08-08.12.23:623][ 81]LogWorld: Bringing up level for play took: 0.001654
[2019.05.08-08.12.23:636][ 81]PIE: Play in editor start time for /Game/_MyContent/Maps/UEDPIE_0_Level_1 0.159
[2019.05.08-08.12.23:636][ 81]LogBlueprintUserMessages: Late PlayInEditor Detection: Level '/Game/_MyContent/Maps/Level_1.Level_1:PersistentLevel' has LevelScriptBlueprint '/Game/_MyContent/Maps/Level_1.Level_1:PersistentLevel.Level_1' with GeneratedClass '/Game/_MyContent/Maps/Level_1.Level_1_C' with ClassGeneratedBy '/Game/_MyContent/Maps/Level_1.Level_1:PersistentLevel.Level_1'
[2019.05.08-08.12.32:300][951]LogSlate: FSceneViewport::OnFocusLost() reason 0
[2019.05.08-08.12.32:395][961]LogSlate: Window 'Platformer Game Preview Standalone (64-bit/PCD3D_SM5)' being destroyed
[2019.05.08-08.12.32:401][961]LogBlueprintUserMessages: Early EndPlayMap Detection: Level '/Game/_MyContent/Maps/Level_1.Level_1:PersistentLevel' has LevelScriptBlueprint '/Game/_MyContent/Maps/Level_1.Level_1:PersistentLevel.Level_1' with GeneratedClass '/Game/_MyContent/Maps/Level_1.Level_1_C' with ClassGeneratedBy '/Game/_MyContent/Maps/Level_1.Level_1:PersistentLevel.Level_1'
[2019.05.08-08.12.32:431][961]LogPlayLevel: Display: Shutting down PIE online subsystems
[2019.05.08-08.12.32:431][961]LogBlueprintUserMessages: Late EndPlayMap Detection: Level '/Game/_MyContent/Maps/Level_1.Level_1:PersistentLevel' has LevelScriptBlueprint '/Game/_MyContent/Maps/Level_1.Level_1:PersistentLevel.Level_1' with GeneratedClass '/Game/_MyContent/Maps/Level_1.Level_1_C' with ClassGeneratedBy '/Game/_MyContent/Maps/Level_1.Level_1:PersistentLevel.Level_1'
[2019.05.08-08.12.32:473][961]LogUObjectHash: Compacting FUObjectHashTables data took   1.93ms
[2019.05.08-08.12.32:485][962]LogPlayLevel: Display: Destroying online subsystem :Context_6
[2019.05.08-08.12.46:932][357]BlueprintLog: New page: Compile Level_1
[2019.05.08-08.12.47:107][357]LogUObjectHash: Compacting FUObjectHashTables data took   2.73ms
[2019.05.08-08.12.47:423][389]LogUObjectHash: Compacting FUObjectHashTables data took   1.83ms
[2019.05.08-08.12.47:606][389]LogSavePackage: Moving '../../../../../../Users/Aden/Documents/GitHub/AdensPlatformer/Platformer/Saved/Level_1B0F2784148CA1A3415407AA56608C98C.tmp' to '../../../../../../Users/Aden/Documents/GitHub/AdensPlatformer/Platformer/Content/_MyContent/Maps/Level_1.umap'
[2019.05.08-08.12.47:633][389]LogFileHelpers: Saving map 'Level_1' took 0.244
[2019.05.08-08.13.51:448][309]LogEditorViewport: Clicking on Actor (LMB): BP_MySplinePlatform_C (Platform 2)
[2019.05.08-08.13.57:453][ 14]LogSlate: FSceneViewport::OnFocusLost() reason 0
[2019.05.08-08.13.57:651][ 37]LogAssetEditorManager: Opening Asset editor for Blueprint /Game/_MyContent/Blueprints/BP_MySplinePlatform.BP_MySplinePlatform
[2019.05.08-08.19.21:049][238]LogSlate: Window 'Pick Parent Class' being destroyed
[2019.05.08-08.19.38:965][381]LogAssetEditorManager: Opening Asset editor for Blueprint /Game/_MyContent/Blueprints/BP_MyGameMode.BP_MyGameMode
[2019.05.08-08.19.44:093][914]LogSlate: FSceneViewport::OnFocusLost() reason 0
[2019.05.08-08.19.44:209][928]LogSlate: Window 'BP_MyGameMode' being destroyed
[2019.05.08-08.19.44:213][928]LogSlate: Window 'BP_MyGameMode' being destroyed
[2019.05.08-08.19.47:751][213]LogSlate: Window 'Pick Parent Class' being destroyed
[2019.05.08-08.20.03:767][129]LogAssetEditorManager: Opening Asset editor for Blueprint /Game/_MyContent/Blueprints/BP_MyGameManager.BP_MyGameManager
[2019.05.08-08.20.06:567][395]LogSlate: Window 'BP_MyGameManager' being destroyed
[2019.05.08-08.20.06:571][395]LogSlate: Window 'BP_MyGameManager' being destroyed
[2019.05.08-08.20.23:311][939]LogBlueprintActionDatabase: Requesting refresh due to module change: ExternalImagePicker (loaded)
[2019.05.08-08.20.25:552][939]LogSlate: Only BGRA pngs, bmps or icos are supported in by External Image Picker
[2019.05.08-08.20.35:905][505]LogSlate: Prevented a slow task dialog from being summoned while a context menu was open
[2019.05.08-08.20.52:739][472]LogSlate: Window 'Project Settings' being destroyed
[2019.05.08-08.20.52:743][472]LogSlate: Window 'Project Settings' being destroyed
[2019.05.08-08.20.56:616][928]LogAssetEditorManager: Opening Asset editor for Blueprint /Game/_MyContent/Blueprints/BP_MyGameMode.BP_MyGameMode
[2019.05.08-08.21.39:032][349]LogSlate: Window 'BP_MyGameMode' being destroyed
[2019.05.08-08.21.39:036][349]LogSlate: Window 'BP_MyGameMode' being destroyed
[2019.05.08-08.21.40:061][464]LogAssetEditorManager: Opening Asset editor for Blueprint /Game/_MyContent/Blueprints/BP_MyGameMode.BP_MyGameMode
[2019.05.08-08.21.45:031][ 24]LogSlate: Window 'BP_MyGameMode' being destroyed
[2019.05.08-08.21.45:034][ 24]LogSlate: Window 'BP_MyGameMode' being destroyed
[2019.05.08-08.21.52:223][593]LogAssetEditorManager: Opening Asset editor for Blueprint /Game/_MyContent/Blueprints/BP_MyGameMode.BP_MyGameMode
[2019.05.08-08.21.58:524][307]LogSlate: Window 'BP_MyGameMode' being destroyed
[2019.05.08-08.21.58:587][307]LogAssetEditorManager: Opening Asset editor for Blueprint /Game/_MyContent/Blueprints/BP_MyGameMode.BP_MyGameMode
[2019.05.08-08.22.00:455][475]LogSlate: Window 'BP_MyGameMode' being destroyed
[2019.05.08-08.22.26:952][239]BlueprintLog: New page: Compile BP_MyGameMode
[2019.05.08-08.22.27:242][239]LogUObjectHash: Compacting FUObjectHashTables data took   6.71ms
[2019.05.08-08.22.27:660][284]LogSavePackage: Moving '../../../../../../Users/Aden/Documents/GitHub/AdensPlatformer/Platformer/Saved/BP_MyGameModeB8CF6A904F7E63995E952BB2BE13815B.tmp' to '../../../../../../Users/Aden/Documents/GitHub/AdensPlatformer/Platformer/Content/_MyContent/Blueprints/BP_MyGameMode.uasset'
[2019.05.08-08.22.28:975][439]LogTemp: Repeating last play command: New Editor Window (PIE)
[2019.05.08-08.22.28:995][439]LogBlueprintUserMessages: Early PlayInEditor Detection: Level '/Game/_MyContent/Maps/Level_1.Level_1:PersistentLevel' has LevelScriptBlueprint '/Game/_MyContent/Maps/Level_1.Level_1:PersistentLevel.Level_1' with GeneratedClass '/Game/_MyContent/Maps/Level_1.Level_1_C' with ClassGeneratedBy '/Game/_MyContent/Maps/Level_1.Level_1:PersistentLevel.Level_1'
[2019.05.08-08.22.28:995][439]LogPlayLevel: PlayLevel: No blueprints needed recompiling
[2019.05.08-08.22.28:995][439]PIE: New page: PIE session: Level_1 (9 May 2019 3:22:28 am)
[2019.05.08-08.22.28:996][439]LogPlayLevel: Creating play world package: /Game/_MyContent/Maps/UEDPIE_0_Level_1
[2019.05.08-08.22.28:999][439]LogPlayLevel: PIE: StaticDuplicateObject took: (0.003095s)
[2019.05.08-08.22.28:999][439]LogAIModule: Creating AISystem for world Level_1
[2019.05.08-08.22.29:000][439]LogPlayLevel: PIE: World Init took: (0.000765s)
[2019.05.08-08.22.29:000][439]LogPlayLevel: PIE: Created PIE world by copying editor world from /Game/_MyContent/Maps/Level_1.Level_1 to /Game/_MyContent/Maps/UEDPIE_0_Level_1.Level_1 (0.004014s)
[2019.05.08-08.22.29:067][439]LogUObjectHash: Compacting FUObjectHashTables data took   3.91ms
[2019.05.08-08.22.29:082][439]LogInit: XAudio2 using 'Speakers (2- Realtek High Definition Audio)' : 2 channels at 48 kHz using 32 bits per sample (channel mask 0x3)
[2019.05.08-08.22.29:133][439]LogInit: FAudioDevice initialized.
[2019.05.08-08.22.29:139][439]LogSlate: Updating window title bar state: overlay mode, drag disabled, window buttons hidden, title bar hidden
[2019.05.08-08.22.29:170][439]LogLoad: Game class is 'BP_MyGameMode_C'
[2019.05.08-08.22.29:172][439]LogWorld: Bringing World /Game/_MyContent/Maps/UEDPIE_0_Level_1.Level_1 up for play (max tick rate 0) at 2019.05.08-17.52.29
[2019.05.08-08.22.29:172][439]LogWorld: Bringing up level for play took: 0.001423
[2019.05.08-08.22.29:195][439]LogBlueprintUserMessages: [BP_MyGameMode_C_0] This is my game mode
[2019.05.08-08.22.29:197][439]PIE: Play in editor start time for /Game/_MyContent/Maps/UEDPIE_0_Level_1 -0.28
[2019.05.08-08.22.29:197][439]LogBlueprintUserMessages: Late PlayInEditor Detection: Level '/Game/_MyContent/Maps/Level_1.Level_1:PersistentLevel' has LevelScriptBlueprint '/Game/_MyContent/Maps/Level_1.Level_1:PersistentLevel.Level_1' with GeneratedClass '/Game/_MyContent/Maps/Level_1.Level_1_C' with ClassGeneratedBy '/Game/_MyContent/Maps/Level_1.Level_1:PersistentLevel.Level_1'
[2019.05.08-08.23.05:666][807]LogBlueprintUserMessages: Early EndPlayMap Detection: Level '/Game/_MyContent/Maps/Level_1.Level_1:PersistentLevel' has LevelScriptBlueprint '/Game/_MyContent/Maps/Level_1.Level_1:PersistentLevel.Level_1' with GeneratedClass '/Game/_MyContent/Maps/Level_1.Level_1_C' with ClassGeneratedBy '/Game/_MyContent/Maps/Level_1.Level_1:PersistentLevel.Level_1'
[2019.05.08-08.23.05:666][807]LogSlate: Updating window title bar state: overlay mode, drag disabled, window buttons hidden, title bar hidden
[2019.05.08-08.23.05:680][807]LogSlate: Window 'Platformer Game Preview Standalone (64-bit/PCD3D_SM5)' being destroyed
[2019.05.08-08.23.05:711][807]LogPlayLevel: Display: Shutting down PIE online subsystems
[2019.05.08-08.23.05:711][807]LogBlueprintUserMessages: Late EndPlayMap Detection: Level '/Game/_MyContent/Maps/Level_1.Level_1:PersistentLevel' has LevelScriptBlueprint '/Game/_MyContent/Maps/Level_1.Level_1:PersistentLevel.Level_1' with GeneratedClass '/Game/_MyContent/Maps/Level_1.Level_1_C' with ClassGeneratedBy '/Game/_MyContent/Maps/Level_1.Level_1:PersistentLevel.Level_1'
[2019.05.08-08.23.05:750][807]LogUObjectHash: Compacting FUObjectHashTables data took   2.40ms
[2019.05.08-08.23.05:769][809]LogPlayLevel: Display: Destroying online subsystem :Context_16
[2019.05.08-08.24.47:661][954]LogSlate: FSceneViewport::OnFocusLost() reason 0
[2019.05.08-08.24.48:269][ 27]LogEditorViewport: Clicking on Actor (LMB): StaticMeshActor (Floor)
[2019.05.08-08.24.49:728][191]LogEditorViewport: Clicking on Actor (LMB): BP_MyGameManager_C (BP_MyGameManager)
[2019.05.08-08.24.50:741][309]LogEditorViewport: Clicking on Actor (LMB): StaticMeshActor (Floor)
[2019.05.08-08.25.19:427][793]LogEditorViewport: Clicking on Actor (LMB): BP_MyGameManager_C (BP_MyGameManager)
[2019.05.08-08.25.20:356][900]LogSlate: FSceneViewport::OnFocusLost() reason 0
[2019.05.08-08.25.30:316][880]LogConsoleManager: Warning: Console object named 'ActorComponents.Enable' already exists but is being registered again, but we weren't expected it to be! (FConsoleManager::AddConsoleObject)
[2019.05.08-08.25.30:926][944]LogConsoleManager: Warning: Console object named 'ActorComponents.Enable' already exists but is being registered again, but we weren't expected it to be! (FConsoleManager::AddConsoleObject)
[2019.05.08-08.25.34:470][348]LogConsoleManager: Warning: Console object named 'ActorComponents.Enable' already exists but is being registered again, but we weren't expected it to be! (FConsoleManager::AddConsoleObject)
[2019.05.08-08.25.34:798][381]LogConsoleManager: Warning: Console object named 'ActorComponents.Enable' already exists but is being registered again, but we weren't expected it to be! (FConsoleManager::AddConsoleObject)
[2019.05.08-08.25.41:719][201]LogSlate: FSceneViewport::OnFocusLost() reason 2
[2019.05.08-08.25.45:218][602]LogConsoleManager: Warning: Console object named 'ActorComponents.Enable' already exists but is being registered again, but we weren't expected it to be! (FConsoleManager::AddConsoleObject)
[2019.05.08-08.25.45:888][677]LogConsoleManager: Warning: Console object named 'ActorComponents.Enable' already exists but is being registered again, but we weren't expected it to be! (FConsoleManager::AddConsoleObject)
[2019.05.08-08.25.46:986][799]LogConsoleManager: Warning: Console object named 'ActorComponents.Enable' already exists but is being registered again, but we weren't expected it to be! (FConsoleManager::AddConsoleObject)
[2019.05.08-08.28.34:105][896]LogSlate: Prevented a slow task dialog from being summoned while a context menu was open
[2019.05.08-08.31.39:119][ 63]BlueprintLog: New page: Compile BP_MyGameMode
[2019.05.08-08.31.39:274][ 63]LogUObjectHash: Compacting FUObjectHashTables data took   3.33ms
[2019.05.08-08.31.39:654][102]LogSavePackage: Moving '../../../../../../Users/Aden/Documents/GitHub/AdensPlatformer/Platformer/Saved/BP_MyGameMode53C081B54B58B78FBDE54289CB67FDBA.tmp' to '../../../../../../Users/Aden/Documents/GitHub/AdensPlatformer/Platformer/Content/_MyContent/Blueprints/BP_MyGameMode.uasset'
[2019.05.08-08.31.41:786][346]LogAssetEditorManager: Opening Asset editor for Blueprint /Game/_MyContent/Blueprints/BP_MtFunctionLibary.BP_MtFunctionLibary
[2019.05.08-08.33.29:988][563]LogSlate: Took 0.017763 seconds to synchronously load lazily loaded font '../../../Engine/Content/Slate/Fonts/Roboto-BoldCondensedItalic.ttf' (160K)
[2019.05.08-08.35.35:175][711]BlueprintLog: New page: Compile BP_MtFunctionLibary
[2019.05.08-08.35.35:212][711]LogUObjectHash: Compacting FUObjectHashTables data took   3.42ms
[2019.05.08-08.35.35:640][757]LogSavePackage: Moving '../../../../../../Users/Aden/Documents/GitHub/AdensPlatformer/Platformer/Saved/BP_MtFunctionLibary76ECC0664EF390ABBC6534AD2584C55A.tmp' to '../../../../../../Users/Aden/Documents/GitHub/AdensPlatformer/Platformer/Content/_MyContent/Blueprints/BP_MtFunctionLibary.uasset'
[2019.05.08-08.35.49:978][ 77]LogAssetEditorManager: Opening Asset editor for Blueprint /Game/_MyContent/Blueprints/BP_MyGameManager.BP_MyGameManager
[2019.05.08-08.35.51:899][274]LogSlate: Window 'BP_MyGameManager' being destroyed
[2019.05.08-08.35.51:902][274]LogSlate: Window 'BP_MyGameManager' being destroyed
[2019.05.08-08.35.58:130][  0]LogAssetEditorManager: Opening Asset editor for Blueprint /Game/_MyContent/Blueprints/BP_MyGameManager.BP_MyGameManager
[2019.05.08-08.35.59:664][153]LogSlate: Window 'BP_MyGameManager' being destroyed
[2019.05.08-08.35.59:725][153]LogAssetEditorManager: Opening Asset editor for Blueprint /Game/_MyContent/Blueprints/BP_MyGameManager.BP_MyGameManager
[2019.05.08-08.36.01:460][306]LogSlate: Window 'BP_MyGameManager' being destroyed
[2019.05.08-08.36.02:607][429]LogSlate: Window 'BP_MyGameManager' being destroyed
[2019.05.08-08.36.38:742][ 52]BlueprintLog: New page: Compile BP_MyGameManager
[2019.05.08-08.36.38:905][ 52]LogUObjectHash: Compacting FUObjectHashTables data took   3.05ms
[2019.05.08-08.36.39:073][ 68]LogSavePackage: Moving '../../../../../../Users/Aden/Documents/GitHub/AdensPlatformer/Platformer/Saved/BP_MyGameManager5DB9F6CA41A1C360ABF5428DFAA4D0EA.tmp' to '../../../../../../Users/Aden/Documents/GitHub/AdensPlatformer/Platformer/Content/_MyContent/Blueprints/BP_MyGameManager.uasset'
[2019.05.08-08.36.40:868][280]LogTemp: Repeating last play command: New Editor Window (PIE)
[2019.05.08-08.36.40:887][280]LogBlueprintUserMessages: Early PlayInEditor Detection: Level '/Game/_MyContent/Maps/Level_1.Level_1:PersistentLevel' has LevelScriptBlueprint '/Game/_MyContent/Maps/Level_1.Level_1:PersistentLevel.Level_1' with GeneratedClass '/Game/_MyContent/Maps/Level_1.Level_1_C' with ClassGeneratedBy '/Game/_MyContent/Maps/Level_1.Level_1:PersistentLevel.Level_1'
[2019.05.08-08.36.40:887][280]LogPlayLevel: PlayLevel: No blueprints needed recompiling
[2019.05.08-08.36.40:887][280]PIE: New page: PIE session: Level_1 (9 May 2019 3:36:40 am)
[2019.05.08-08.36.40:887][280]LogPlayLevel: Creating play world package: /Game/_MyContent/Maps/UEDPIE_0_Level_1
[2019.05.08-08.36.40:890][280]LogPlayLevel: PIE: StaticDuplicateObject took: (0.003415s)
[2019.05.08-08.36.40:891][280]LogAIModule: Creating AISystem for world Level_1
[2019.05.08-08.36.40:891][280]LogPlayLevel: PIE: World Init took: (0.000682s)
[2019.05.08-08.36.40:891][280]LogPlayLevel: PIE: Created PIE world by copying editor world from /Game/_MyContent/Maps/Level_1.Level_1 to /Game/_MyContent/Maps/UEDPIE_0_Level_1.Level_1 (0.004257s)
[2019.05.08-08.36.40:921][280]LogUObjectHash: Compacting FUObjectHashTables data took   2.50ms
[2019.05.08-08.36.40:936][280]LogInit: XAudio2 using 'Speakers (2- Realtek High Definition Audio)' : 2 channels at 48 kHz using 32 bits per sample (channel mask 0x3)
[2019.05.08-08.36.40:986][280]LogInit: FAudioDevice initialized.
[2019.05.08-08.36.40:993][280]LogSlate: Updating window title bar state: overlay mode, drag disabled, window buttons hidden, title bar hidden
[2019.05.08-08.36.41:026][280]LogLoad: Game class is 'BP_MyGameMode_C'
[2019.05.08-08.36.41:028][280]LogWorld: Bringing World /Game/_MyContent/Maps/UEDPIE_0_Level_1.Level_1 up for play (max tick rate 0) at 2019.05.08-18.06.41
[2019.05.08-08.36.41:029][280]LogWorld: Bringing up level for play took: 0.001906
[2019.05.08-08.36.41:044][280]PIE: Play in editor start time for /Game/_MyContent/Maps/UEDPIE_0_Level_1 -0.434
[2019.05.08-08.36.41:044][280]LogBlueprintUserMessages: Late PlayInEditor Detection: Level '/Game/_MyContent/Maps/Level_1.Level_1:PersistentLevel' has LevelScriptBlueprint '/Game/_MyContent/Maps/Level_1.Level_1:PersistentLevel.Level_1' with GeneratedClass '/Game/_MyContent/Maps/Level_1.Level_1_C' with ClassGeneratedBy '/Game/_MyContent/Maps/Level_1.Level_1:PersistentLevel.Level_1'
[2019.05.08-08.36.42:384][438]LogBlueprintUserMessages: Early EndPlayMap Detection: Level '/Game/_MyContent/Maps/Level_1.Level_1:PersistentLevel' has LevelScriptBlueprint '/Game/_MyContent/Maps/Level_1.Level_1:PersistentLevel.Level_1' with GeneratedClass '/Game/_MyContent/Maps/Level_1.Level_1_C' with ClassGeneratedBy '/Game/_MyContent/Maps/Level_1.Level_1:PersistentLevel.Level_1'
[2019.05.08-08.36.42:385][438]LogSlate: Updating window title bar state: overlay mode, drag disabled, window buttons hidden, title bar hidden
[2019.05.08-08.36.42:397][438]LogSlate: Window 'Platformer Game Preview Standalone (64-bit/PCD3D_SM5)' being destroyed
[2019.05.08-08.36.42:430][438]LogPlayLevel: Display: Shutting down PIE online subsystems
[2019.05.08-08.36.42:430][438]LogBlueprintUserMessages: Late EndPlayMap Detection: Level '/Game/_MyContent/Maps/Level_1.Level_1:PersistentLevel' has LevelScriptBlueprint '/Game/_MyContent/Maps/Level_1.Level_1:PersistentLevel.Level_1' with GeneratedClass '/Game/_MyContent/Maps/Level_1.Level_1_C' with ClassGeneratedBy '/Game/_MyContent/Maps/Level_1.Level_1:PersistentLevel.Level_1'
[2019.05.08-08.36.42:470][438]LogUObjectHash: Compacting FUObjectHashTables data took   2.36ms
[2019.05.08-08.36.42:490][439]LogPlayLevel: Display: Destroying online subsystem :Context_21
[2019.05.08-08.36.50:992][ 40]LogAssetEditorManager: Opening Asset editor for LevelScriptBlueprint /Game/_MyContent/Maps/Level_1.Level_1:PersistentLevel.Level_1
[2019.05.08-08.37.59:685][551]BlueprintLog: New page: Compile BP_MyGameManager
[2019.05.08-08.37.59:838][551]LogUObjectHash: Compacting FUObjectHashTables data took   2.59ms
[2019.05.08-08.38.00:168][586]LogSavePackage: Moving '../../../../../../Users/Aden/Documents/GitHub/AdensPlatformer/Platformer/Saved/BP_MyGameManager9DA9BFBE41F803E77A8959BD18A01CD7.tmp' to '../../../../../../Users/Aden/Documents/GitHub/AdensPlatformer/Platformer/Content/_MyContent/Blueprints/BP_MyGameManager.uasset'
[2019.05.08-08.38.24:518][466]BlueprintLog: New page: Compile Level_1
[2019.05.08-08.38.24:667][466]LogUObjectHash: Compacting FUObjectHashTables data took   2.82ms
[2019.05.08-08.38.25:076][509]LogUObjectHash: Compacting FUObjectHashTables data took   2.25ms
[2019.05.08-08.38.25:244][509]LogSavePackage: Moving '../../../../../../Users/Aden/Documents/GitHub/AdensPlatformer/Platformer/Saved/Level_10869E35F40A7904C779BE6BA7874330A.tmp' to '../../../../../../Users/Aden/Documents/GitHub/AdensPlatformer/Platformer/Content/_MyContent/Maps/Level_1.umap'
[2019.05.08-08.38.25:272][509]LogFileHelpers: Saving map 'Level_1' took 0.233
[2019.05.08-08.39.00:900][807]BlueprintLog: New page: Compile BP_MyGameManager
[2019.05.08-08.39.01:049][807]LogUObjectHash: Compacting FUObjectHashTables data took   2.71ms
[2019.05.08-08.39.15:913][514]BlueprintLog: New page: Compile Level_1
[2019.05.08-08.39.15:914][514]LogBlueprint: Error: [Compiler PersistentLevel.Level_1] This blueprint (self) is not a BP_MyGameManager_C, therefore ' Target ' must have a connection.
[2019.05.08-08.39.16:099][514]LogUObjectHash: Compacting FUObjectHashTables data took   3.10ms
[2019.05.08-08.39.16:102][514]LogBlueprint: Warning: [Compiler PersistentLevel.Level_1] [5325.70] Compile of PersistentLevel.Level_1 failed. 1 Fatal Issue(s) 0 Warning(s) [in 188 ms] (/Game/_MyContent/Maps/Level_1.Level_1:PersistentLevel.Level_1)
[2019.05.08-08.39.16:436][548]LogUObjectHash: Compacting FUObjectHashTables data took   2.03ms
[2019.05.08-08.39.16:440][548]LogBlueprint: Error: [Compiler PersistentLevel.Level_1] This blueprint (self) is not a BP_MyGameManager_C, therefore ' Target ' must have a connection.
[2019.05.08-08.39.16:441][548]LogBlueprint: Warning: [Compiler PersistentLevel.Level_1] [5326.04] Compile of PersistentLevel.Level_1 failed. 1 Fatal Issue(s) 0 Warning(s) [in 1 ms] (/Game/_MyContent/Maps/Level_1.Level_1:PersistentLevel.Level_1)
[2019.05.08-08.39.16:606][548]LogSavePackage: Moving '../../../../../../Users/Aden/Documents/GitHub/AdensPlatformer/Platformer/Saved/Level_1069186514802A82AE119B583855AA8AD.tmp' to '../../../../../../Users/Aden/Documents/GitHub/AdensPlatformer/Platformer/Content/_MyContent/Maps/Level_1.umap'
[2019.05.08-08.39.16:634][548]LogFileHelpers: Saving map 'Level_1' took 0.232
[2019.05.08-08.39.17:370][635]BlueprintLog: New page: Compile Level_1
[2019.05.08-08.39.17:371][635]LogBlueprint: Error: [Compiler PersistentLevel.Level_1] This blueprint (self) is not a BP_MyGameManager_C, therefore ' Target ' must have a connection.
[2019.05.08-08.39.17:521][635]LogUObjectHash: Compacting FUObjectHashTables data took   2.33ms
[2019.05.08-08.39.17:524][635]LogBlueprint: Warning: [Compiler PersistentLevel.Level_1] [5327.13] Compile of PersistentLevel.Level_1 failed. 1 Fatal Issue(s) 0 Warning(s) [in 154 ms] (/Game/_MyContent/Maps/Level_1.Level_1:PersistentLevel.Level_1)
[2019.05.08-08.39.29:824][ 93]BlueprintLog: New page: Compile BP_MyGameManager
[2019.05.08-08.39.29:978][ 93]LogUObjectHash: Compacting FUObjectHashTables data took   2.96ms
[2019.05.08-08.39.30:297][127]LogSavePackage: Moving '../../../../../../Users/Aden/Documents/GitHub/AdensPlatformer/Platformer/Saved/BP_MyGameManagerF5F91C524FC25255AC46619D0E477D53.tmp' to '../../../../../../Users/Aden/Documents/GitHub/AdensPlatformer/Platformer/Content/_MyContent/Blueprints/BP_MyGameManager.uasset'
[2019.05.08-08.39.33:627][524]BlueprintLog: New page: Compile Level_1
[2019.05.08-08.39.33:628][524]LogBlueprint: Error: [Compiler PersistentLevel.Level_1] This blueprint (self) is not a BP_MyGameManager_C, therefore ' Target ' must have a connection.
[2019.05.08-08.39.33:775][524]LogUObjectHash: Compacting FUObjectHashTables data took   2.88ms
[2019.05.08-08.39.33:778][524]LogBlueprint: Warning: [Compiler PersistentLevel.Level_1] [5343.38] Compile of PersistentLevel.Level_1 failed. 1 Fatal Issue(s) 0 Warning(s) [in 150 ms] (/Game/_MyContent/Maps/Level_1.Level_1:PersistentLevel.Level_1)
[2019.05.08-08.39.34:585][615]LogUObjectHash: Compacting FUObjectHashTables data took   2.19ms
[2019.05.08-08.39.34:589][615]LogBlueprint: Error: [Compiler PersistentLevel.Level_1] This blueprint (self) is not a BP_MyGameManager_C, therefore ' Target ' must have a connection.
[2019.05.08-08.39.34:589][615]LogBlueprint: Warning: [Compiler PersistentLevel.Level_1] [5344.19] Compile of PersistentLevel.Level_1 failed. 1 Fatal Issue(s) 0 Warning(s) [in 1 ms] (/Game/_MyContent/Maps/Level_1.Level_1:PersistentLevel.Level_1)
[2019.05.08-08.39.34:748][615]LogSavePackage: Moving '../../../../../../Users/Aden/Documents/GitHub/AdensPlatformer/Platformer/Saved/Level_1F4D71BE94D59873502E475BB8149DDA2.tmp' to '../../../../../../Users/Aden/Documents/GitHub/AdensPlatformer/Platformer/Content/_MyContent/Maps/Level_1.umap'
[2019.05.08-08.39.34:776][615]LogFileHelpers: Saving map 'Level_1' took 0.228
[2019.05.08-08.41.33:622][ 82]LogAssetEditorManager: Opening Asset editor for Blueprint /Game/_MyContent/Blueprints/BP_MtFunctionLibary.BP_MtFunctionLibary
[2019.05.08-08.42.07:462][ 99]BlueprintLog: New page: Compile BP_MtFunctionLibary
[2019.05.08-08.42.07:464][ 99]LogBlueprint: Error: [Compiler PersistentLevel.Level_1] This blueprint (self) is not a BP_MyGameManager_C, therefore ' Target ' must have a connection.
[2019.05.08-08.42.07:465][ 99]LogBlueprint: Warning: [Compiler PersistentLevel.Level_1] [5497.07] Compile of PersistentLevel.Level_1 failed. 1 Fatal Issue(s) 0 Warning(s) [in 3 ms] (/Game/_MyContent/Maps/Level_1.Level_1:PersistentLevel.Level_1)
[2019.05.08-08.42.07:621][ 99]LogUObjectHash: Compacting FUObjectHashTables data took   3.28ms
[2019.05.08-08.42.08:170][159]LogSavePackage: Moving '../../../../../../Users/Aden/Documents/GitHub/AdensPlatformer/Platformer/Saved/BP_MtFunctionLibary0588037D4A3A436CE75F5EA4D7FD2BD7.tmp' to '../../../../../../Users/Aden/Documents/GitHub/AdensPlatformer/Platformer/Content/_MyContent/Blueprints/BP_MtFunctionLibary.uasset'
[2019.05.08-08.42.10:077][386]BlueprintLog: New page: Compile Level_1
[2019.05.08-08.42.10:078][386]LogBlueprint: Error: [Compiler PersistentLevel.Level_1] This blueprint (self) is not a BP_MyGameManager_C, therefore ' Target ' must have a connection.
[2019.05.08-08.42.10:230][386]LogUObjectHash: Compacting FUObjectHashTables data took   3.99ms
[2019.05.08-08.42.10:233][386]LogBlueprint: Warning: [Compiler PersistentLevel.Level_1] [5499.83] Compile of PersistentLevel.Level_1 failed. 1 Fatal Issue(s) 0 Warning(s) [in 155 ms] (/Game/_MyContent/Maps/Level_1.Level_1:PersistentLevel.Level_1)
[2019.05.08-08.42.11:201][496]LogUObjectHash: Compacting FUObjectHashTables data took   2.15ms
[2019.05.08-08.42.11:205][496]LogBlueprint: Error: [Compiler PersistentLevel.Level_1] This blueprint (self) is not a BP_MyGameManager_C, therefore ' Target ' must have a connection.
[2019.05.08-08.42.11:205][496]LogBlueprint: Warning: [Compiler PersistentLevel.Level_1] [5500.81] Compile of PersistentLevel.Level_1 failed. 1 Fatal Issue(s) 0 Warning(s) [in 1 ms] (/Game/_MyContent/Maps/Level_1.Level_1:PersistentLevel.Level_1)
[2019.05.08-08.42.11:373][496]LogSavePackage: Moving '../../../../../../Users/Aden/Documents/GitHub/AdensPlatformer/Platformer/Saved/Level_14A65B15345EED34BEDCBC9A889450FF4.tmp' to '../../../../../../Users/Aden/Documents/GitHub/AdensPlatformer/Platformer/Content/_MyContent/Maps/Level_1.umap'
[2019.05.08-08.42.11:404][496]LogFileHelpers: Saving map 'Level_1' took 0.241
[2019.05.08-08.42.14:447][859]BlueprintLog: New page: Compile Level_1
[2019.05.08-08.42.14:600][859]LogUObjectHash: Compacting FUObjectHashTables data took   3.21ms
[2019.05.08-08.42.15:062][908]LogUObjectHash: Compacting FUObjectHashTables data took   1.75ms
[2019.05.08-08.42.15:235][908]LogSavePackage: Moving '../../../../../../Users/Aden/Documents/GitHub/AdensPlatformer/Platformer/Saved/Level_16CF7E5784ADD4FB0241713875809A237.tmp' to '../../../../../../Users/Aden/Documents/GitHub/AdensPlatformer/Platformer/Content/_MyContent/Maps/Level_1.umap'
[2019.05.08-08.42.15:265][908]LogFileHelpers: Saving map 'Level_1' took 0.240
[2019.05.08-08.42.18:007][235]LogTemp: Repeating last play command: New Editor Window (PIE)
[2019.05.08-08.42.18:024][235]LogBlueprintUserMessages: Early PlayInEditor Detection: Level '/Game/_MyContent/Maps/Level_1.Level_1:PersistentLevel' has LevelScriptBlueprint '/Game/_MyContent/Maps/Level_1.Level_1:PersistentLevel.Level_1' with GeneratedClass '/Game/_MyContent/Maps/Level_1.Level_1_C' with ClassGeneratedBy '/Game/_MyContent/Maps/Level_1.Level_1:PersistentLevel.Level_1'
[2019.05.08-08.42.18:024][235]LogPlayLevel: PlayLevel: No blueprints needed recompiling
[2019.05.08-08.42.18:024][235]PIE: New page: PIE session: Level_1 (9 May 2019 3:42:18 am)
[2019.05.08-08.42.18:024][235]LogPlayLevel: Creating play world package: /Game/_MyContent/Maps/UEDPIE_0_Level_1
[2019.05.08-08.42.18:028][235]LogPlayLevel: PIE: StaticDuplicateObject took: (0.003514s)
[2019.05.08-08.42.18:028][235]LogAIModule: Creating AISystem for world Level_1
[2019.05.08-08.42.18:029][235]LogPlayLevel: PIE: World Init took: (0.000808s)
[2019.05.08-08.42.18:029][235]LogPlayLevel: PIE: Created PIE world by copying editor world from /Game/_MyContent/Maps/Level_1.Level_1 to /Game/_MyContent/Maps/UEDPIE_0_Level_1.Level_1 (0.004479s)
[2019.05.08-08.42.18:061][235]LogUObjectHash: Compacting FUObjectHashTables data took   2.57ms
[2019.05.08-08.42.18:076][235]LogInit: XAudio2 using 'Speakers (2- Realtek High Definition Audio)' : 2 channels at 48 kHz using 32 bits per sample (channel mask 0x3)
[2019.05.08-08.42.18:129][235]LogInit: FAudioDevice initialized.
[2019.05.08-08.42.18:135][235]LogSlate: Updating window title bar state: overlay mode, drag disabled, window buttons hidden, title bar hidden
[2019.05.08-08.42.18:167][235]LogLoad: Game class is 'BP_MyGameMode_C'
[2019.05.08-08.42.18:169][235]LogWorld: Bringing World /Game/_MyContent/Maps/UEDPIE_0_Level_1.Level_1 up for play (max tick rate 0) at 2019.05.08-18.12.18
[2019.05.08-08.42.18:169][235]LogWorld: Bringing up level for play took: 0.001767
[2019.05.08-08.42.18:183][235]LogBlueprintUserMessages: [MyGameManager] Hello
[2019.05.08-08.42.18:185][235]PIE: Play in editor start time for /Game/_MyContent/Maps/UEDPIE_0_Level_1 0.708
[2019.05.08-08.42.18:185][235]LogBlueprintUserMessages: Late PlayInEditor Detection: Level '/Game/_MyContent/Maps/Level_1.Level_1:PersistentLevel' has LevelScriptBlueprint '/Game/_MyContent/Maps/Level_1.Level_1:PersistentLevel.Level_1' with GeneratedClass '/Game/_MyContent/Maps/Level_1.Level_1_C' with ClassGeneratedBy '/Game/_MyContent/Maps/Level_1.Level_1:PersistentLevel.Level_1'
[2019.05.08-08.42.20:323][488]LogBlueprintUserMessages: Early EndPlayMap Detection: Level '/Game/_MyContent/Maps/Level_1.Level_1:PersistentLevel' has LevelScriptBlueprint '/Game/_MyContent/Maps/Level_1.Level_1:PersistentLevel.Level_1' with GeneratedClass '/Game/_MyContent/Maps/Level_1.Level_1_C' with ClassGeneratedBy '/Game/_MyContent/Maps/Level_1.Level_1:PersistentLevel.Level_1'
[2019.05.08-08.42.20:323][488]LogSlate: Updating window title bar state: overlay mode, drag disabled, window buttons hidden, title bar hidden
[2019.05.08-08.42.20:335][488]LogSlate: Window 'Platformer Game Preview Standalone (64-bit/PCD3D_SM5)' being destroyed
[2019.05.08-08.42.20:378][488]LogPlayLevel: Display: Shutting down PIE online subsystems
[2019.05.08-08.42.20:378][488]LogBlueprintUserMessages: Late EndPlayMap Detection: Level '/Game/_MyContent/Maps/Level_1.Level_1:PersistentLevel' has LevelScriptBlueprint '/Game/_MyContent/Maps/Level_1.Level_1:PersistentLevel.Level_1' with GeneratedClass '/Game/_MyContent/Maps/Level_1.Level_1_C' with ClassGeneratedBy '/Game/_MyContent/Maps/Level_1.Level_1:PersistentLevel.Level_1'
[2019.05.08-08.42.20:418][488]LogUObjectHash: Compacting FUObjectHashTables data took   2.09ms
[2019.05.08-08.42.20:436][489]LogPlayLevel: Display: Destroying online subsystem :Context_24
[2019.05.08-08.44.45:804][158]BlueprintLog: New page: Compile BP_MyGameManager
[2019.05.08-08.44.45:978][158]LogUObjectHash: Compacting FUObjectHashTables data took   3.49ms
[2019.05.08-08.44.46:471][211]LogSavePackage: Moving '../../../../../../Users/Aden/Documents/GitHub/AdensPlatformer/Platformer/Saved/BP_MyGameManager75BF404A4D8DD3DA68CDC39459A9C3BD.tmp' to '../../../../../../Users/Aden/Documents/GitHub/AdensPlatformer/Platformer/Content/_MyContent/Blueprints/BP_MyGameManager.uasset'
[2019.05.08-08.44.56:284][875]LogEditorViewport: Clicking on Actor (LMB): ThirdPersonCharacter_C (Player)
[2019.05.08-08.44.58:360][ 92]LogEditorViewport: Clicking on Actor (LMB): BP_MyGameManager_C (My Game Manager)
[2019.05.08-08.45.01:502][454]LogSlate: FSceneViewport::OnFocusLost() reason 2
[2019.05.08-08.45.07:085][123]LogSlate: FSceneViewport::OnFocusLost() reason 0
[2019.05.08-08.45.15:588][138]LogSlate: FSceneViewport::OnFocusLost() reason 0
[2019.05.08-08.45.17:973][423]LogEditorViewport: Clicking on Actor (LMB): ThirdPersonCharacter_C (Player)
[2019.05.08-08.45.22:322][938]LogEditorViewport: Clicking on Actor (context menu): StaticMeshActor (Floor)
[2019.05.08-08.45.22:358][938]LogSlate: FSceneViewport::OnFocusLost() reason 2
[2019.05.08-08.45.23:142][ 27]LogEditorViewport: Clicking on Actor (LMB): StaticMeshActor (Floor)
[2019.05.08-08.45.26:497][411]LogEditorViewport: Clicking on Actor (LMB): ThirdPersonCharacter_C (Player)
[2019.05.08-08.45.30:379][857]LogSlate: FSceneViewport::OnFocusLost() reason 0
[2019.05.08-08.47.13:539][783]LogSlate: FSceneViewport::OnFocusLost() reason 0
[2019.05.08-08.47.45:554][585]LogSlate: FSceneViewport::OnFocusLost() reason 0
[2019.05.08-08.47.45:719][598]LogUObjectHash: Compacting FUObjectHashTables data took   3.32ms
[2019.05.08-08.47.45:896][598]LogSavePackage: Moving '../../../../../../Users/Aden/Documents/GitHub/AdensPlatformer/Platformer/Saved/Level_19DDCA1BD4071FB602193CCAC7046215D.tmp' to '../../../../../../Users/Aden/Documents/GitHub/AdensPlatformer/Platformer/Content/_MyContent/Maps/Level_1.umap'
[2019.05.08-08.47.45:952][598]LogSavePackage: Moving '../../../../../../Users/Aden/Documents/GitHub/AdensPlatformer/Platformer/Saved/Level_1_BuiltData0FBDEF0F42D02F09218F88A922E2A4ED.tmp' to '../../../../../../Users/Aden/Documents/GitHub/AdensPlatformer/Platformer/Content/_MyContent/Maps/Level_1_BuiltData.uasset'
[2019.05.08-08.47.46:896][706]LogSlate: FSceneViewport::OnFocusLost() reason 2
[2019.05.08-08.47.48:310][871]LogUObjectHash: Compacting FUObjectHashTables data took   2.04ms
